0 verbose cli C:\Program Files\nodejs\node.exe C:\Program Files\nodejs\node_modules\npm\bin\npm-cli.js
1 info using npm@11.6.2
2 info using node@v25.1.0
3 silly config load:file:C:\Program Files\nodejs\node_modules\npm\npmrc
4 silly config load:file:C:\n8nJobs\.npmrc
5 silly config load:file:C:\Users\Carol Navia\.npmrc
6 silly config load:file:C:\Users\Carol Navia\AppData\Roaming\npm\etc\npmrc
7 verbose title npm install tailwindcss@^3.4.0 autoprefixer postcss
8 verbose argv "install" "tailwindcss@^3.4.0" "autoprefixer" "postcss"
9 verbose logfile logs-max:10 dir:C:\n8nJobs\clean\_logs\2025-12-03T11_58_33_460Z-
10 verbose logfile C:\n8nJobs\clean\_logs\2025-12-03T11_58_33_460Z-debug-0.log
11 silly logfile done cleaning log files
12 silly packumentCache heap:4496293888 maxSize:1124073472 maxEntrySize:562036736
13 silly idealTree buildDeps
14 silly fetch manifest tailwindcss@^3.4.0
15 silly packumentCache full:https://registry.npmjs.org/tailwindcss cache-miss
16 http fetch GET 200 https://registry.npmjs.org/tailwindcss 668ms (cache miss)
17 silly packumentCache full:https://registry.npmjs.org/tailwindcss set size:undefined disposed:false
18 silly fetch manifest autoprefixer@^10.4.21
19 silly packumentCache full:https://registry.npmjs.org/autoprefixer cache-miss
20 http fetch GET 200 https://registry.npmjs.org/autoprefixer 113ms (cache miss)
21 silly packumentCache full:https://registry.npmjs.org/autoprefixer set size:undefined disposed:false
22 silly fetch manifest postcss@^8.5.6
23 silly packumentCache full:https://registry.npmjs.org/postcss cache-miss
24 http fetch GET 200 https://registry.npmjs.org/postcss 69ms (cache miss)
25 silly packumentCache full:https://registry.npmjs.org/postcss set size:undefined disposed:false
26 silly placeDep ROOT autoprefixer@10.4.22 REPLACE for: jobs-frontend@0.1.0 want: ^10.4.21
27 silly placeDep ROOT postcss@8.5.6 REPLACE for: jobs-frontend@0.1.0 want: ^8.5.6
28 silly placeDep ROOT tailwindcss@3.4.18 OK for: jobs-frontend@0.1.0 want: ^3.4.0
29 silly fetch manifest browserslist@^4.27.0
30 silly packumentCache full:https://registry.npmjs.org/browserslist cache-miss
31 silly fetch manifest caniuse-lite@^1.0.30001754
32 silly packumentCache full:https://registry.npmjs.org/caniuse-lite cache-miss
33 silly fetch manifest fraction.js@^5.3.4
34 silly packumentCache full:https://registry.npmjs.org/fraction.js cache-miss
35 silly fetch manifest lilconfig@^3.1.3
36 silly packumentCache full:https://registry.npmjs.org/lilconfig cache-miss
37 http fetch GET 200 https://registry.npmjs.org/browserslist 54ms (cache miss)
38 silly packumentCache full:https://registry.npmjs.org/browserslist set size:undefined disposed:false
39 http fetch GET 200 https://registry.npmjs.org/lilconfig 81ms (cache miss)
40 silly packumentCache full:https://registry.npmjs.org/lilconfig set size:undefined disposed:false
41 http fetch GET 200 https://registry.npmjs.org/caniuse-lite 161ms (cache miss)
42 silly packumentCache full:https://registry.npmjs.org/caniuse-lite set size:undefined disposed:false
43 http fetch GET 200 https://registry.npmjs.org/fraction.js 213ms (cache miss)
44 silly packumentCache full:https://registry.npmjs.org/fraction.js set size:undefined disposed:false
45 silly placeDep ROOT browserslist@4.28.0 REPLACE for: autoprefixer@10.4.22 want: ^4.27.0
46 silly placeDep ROOT caniuse-lite@1.0.30001759 REPLACE for: autoprefixer@10.4.22 want: ^1.0.30001754
47 silly placeDep ROOT fraction.js@5.3.4 OK for: autoprefixer@10.4.22 want: ^5.3.4
48 silly fetch manifest baseline-browser-mapping@^2.8.25
49 silly packumentCache full:https://registry.npmjs.org/baseline-browser-mapping cache-miss
50 silly fetch manifest electron-to-chromium@^1.5.249
51 silly packumentCache full:https://registry.npmjs.org/electron-to-chromium cache-miss
52 silly fetch manifest node-releases@^2.0.27
53 silly packumentCache full:https://registry.npmjs.org/node-releases cache-miss
54 silly fetch manifest update-browserslist-db@^1.1.4
55 silly packumentCache full:https://registry.npmjs.org/update-browserslist-db cache-miss
56 http fetch GET 200 https://registry.npmjs.org/baseline-browser-mapping 56ms (cache miss)
57 silly packumentCache full:https://registry.npmjs.org/baseline-browser-mapping set size:undefined disposed:false
58 http fetch GET 200 https://registry.npmjs.org/node-releases 68ms (cache miss)
59 silly packumentCache full:https://registry.npmjs.org/node-releases set size:undefined disposed:false
60 http fetch GET 200 https://registry.npmjs.org/update-browserslist-db 88ms (cache miss)
61 silly packumentCache full:https://registry.npmjs.org/update-browserslist-db set size:undefined disposed:false
62 http fetch GET 200 https://registry.npmjs.org/electron-to-chromium 160ms (cache miss)
63 silly packumentCache full:https://registry.npmjs.org/electron-to-chromium set size:undefined disposed:false
64 silly fetch manifest browserslist@>= 4.21.0
65 silly packumentCache full:https://registry.npmjs.org/browserslist cache-miss
66 http cache https://registry.npmjs.org/browserslist 13ms (cache hit)
67 silly packumentCache full:https://registry.npmjs.org/browserslist set size:500962 disposed:false
68 silly placeDep ROOT baseline-browser-mapping@2.8.32 OK for: browserslist@4.28.0 want: ^2.8.25
69 silly placeDep ROOT electron-to-chromium@1.5.263 OK for: browserslist@4.28.0 want: ^1.5.249
70 silly placeDep ROOT node-releases@2.0.27 OK for: browserslist@4.28.0 want: ^2.0.27
71 silly placeDep ROOT update-browserslist-db@1.1.4 OK for: browserslist@4.28.0 want: ^1.1.4
72 silly placeDep node_modules/tailwindcss lilconfig@3.1.3 OK for: tailwindcss@3.4.18 want: ^3.1.3
73 silly reify mark retired [
73 silly reify   'C:\\n8nJobs\\node_modules\\autoprefixer',
73 silly reify   'C:\\n8nJobs\\node_modules\\.bin\\autoprefixer',
73 silly reify   'C:\\n8nJobs\\node_modules\\.bin\\autoprefixer.cmd',
73 silly reify   'C:\\n8nJobs\\node_modules\\.bin\\autoprefixer.ps1'
73 silly reify ]
74 silly reify mark retired [
74 silly reify   'C:\\n8nJobs\\node_modules\\browserslist',
74 silly reify   'C:\\n8nJobs\\node_modules\\.bin\\browserslist',
74 silly reify   'C:\\n8nJobs\\node_modules\\.bin\\browserslist.cmd',
74 silly reify   'C:\\n8nJobs\\node_modules\\.bin\\browserslist.ps1'
74 silly reify ]
75 silly reify mark retired [ 'C:\\n8nJobs\\node_modules\\caniuse-lite' ]
76 silly reify mark retired [ 'C:\\n8nJobs\\node_modules\\electron-to-chromium' ]
77 silly reify mark retired [ 'C:\\n8nJobs\\node_modules\\fraction.js' ]
78 silly reify mark retired [ 'C:\\n8nJobs\\node_modules\\node-releases' ]
79 silly reify mark retired [ 'C:\\n8nJobs\\node_modules\\react-scripts\\node_modules\\lilconfig' ]
80 silly reify mark retired [
80 silly reify   'C:\\n8nJobs\\node_modules\\react-scripts\\node_modules\\tailwindcss',
80 silly reify   'C:\\n8nJobs\\node_modules\\react-scripts\\node_modules\\.bin\\tailwind',
80 silly reify   'C:\\n8nJobs\\node_modules\\react-scripts\\node_modules\\.bin\\tailwind.cmd',
80 silly reify   'C:\\n8nJobs\\node_modules\\react-scripts\\node_modules\\.bin\\tailwind.ps1',
80 silly reify   'C:\\n8nJobs\\node_modules\\react-scripts\\node_modules\\.bin\\tailwindcss',
80 silly reify   'C:\\n8nJobs\\node_modules\\react-scripts\\node_modules\\.bin\\tailwindcss.cmd',
80 silly reify   'C:\\n8nJobs\\node_modules\\react-scripts\\node_modules\\.bin\\tailwindcss.ps1'
80 silly reify ]
81 silly reify mark retired [
81 silly reify   'C:\\n8nJobs\\node_modules\\update-browserslist-db',
81 silly reify   'C:\\n8nJobs\\node_modules\\.bin\\update-browserslist-db',
81 silly reify   'C:\\n8nJobs\\node_modules\\.bin\\update-browserslist-db.cmd',
81 silly reify   'C:\\n8nJobs\\node_modules\\.bin\\update-browserslist-db.ps1'
81 silly reify ]
82 silly reify moves {
82 silly reify   'C:\\n8nJobs\\node_modules\\autoprefixer': 'C:\\n8nJobs\\node_modules\\.autoprefixer-5PrpoXG4',
82 silly reify   'C:\\n8nJobs\\node_modules\\.bin\\autoprefixer': 'C:\\n8nJobs\\node_modules\\.bin\\.autoprefixer-nYJD1G0f',
82 silly reify   'C:\\n8nJobs\\node_modules\\.bin\\autoprefixer.cmd': 'C:\\n8nJobs\\node_modules\\.bin\\.autoprefixer.cmd-mCgGjKJH',
82 silly reify   'C:\\n8nJobs\\node_modules\\.bin\\autoprefixer.ps1': 'C:\\n8nJobs\\node_modules\\.bin\\.autoprefixer.ps1-lTGBtsmK',
82 silly reify   'C:\\n8nJobs\\node_modules\\browserslist': 'C:\\n8nJobs\\node_modules\\.browserslist-CFFi2Phr',
82 silly reify   'C:\\n8nJobs\\node_modules\\.bin\\browserslist': 'C:\\n8nJobs\\node_modules\\.bin\\.browserslist-bagviBXV',
82 silly reify   'C:\\n8nJobs\\node_modules\\.bin\\browserslist.cmd': 'C:\\n8nJobs\\node_modules\\.bin\\.browserslist.cmd-d58R4iTv',
82 silly reify   'C:\\n8nJobs\\node_modules\\.bin\\browserslist.ps1': 'C:\\n8nJobs\\node_modules\\.bin\\.browserslist.ps1-rnftLfKn',
82 silly reify   'C:\\n8nJobs\\node_modules\\caniuse-lite': 'C:\\n8nJobs\\node_modules\\.caniuse-lite-axntGUB7',
82 silly reify   'C:\\n8nJobs\\node_modules\\electron-to-chromium': 'C:\\n8nJobs\\node_modules\\.electron-to-chromium-gHt5456h',
82 silly reify   'C:\\n8nJobs\\node_modules\\fraction.js': 'C:\\n8nJobs\\node_modules\\.fraction.js-nTpxEMs5',
82 silly reify   'C:\\n8nJobs\\node_modules\\node-releases': 'C:\\n8nJobs\\node_modules\\.node-releases-wMtnCb14',
82 silly reify   'C:\\n8nJobs\\node_modules\\react-scripts\\node_modules\\lilconfig': 'C:\\n8nJobs\\node_modules\\react-scripts\\node_modules\\.lilconfig-yFjlNIwu',
82 silly reify   'C:\\n8nJobs\\node_modules\\react-scripts\\node_modules\\tailwindcss': 'C:\\n8nJobs\\node_modules\\react-scripts\\node_modules\\.tailwindcss-xPm4UPCQ',
82 silly reify   'C:\\n8nJobs\\node_modules\\react-scripts\\node_modules\\.bin\\tailwind': 'C:\\n8nJobs\\node_modules\\react-scripts\\node_modules\\.bin\\.tailwind-Ic5CjLiP',
82 silly reify   'C:\\n8nJobs\\node_modules\\react-scripts\\node_modules\\.bin\\tailwind.cmd': 'C:\\n8nJobs\\node_modules\\react-scripts\\node_modules\\.bin\\.tailwind.cmd-Nfx7DIWQ',
82 silly reify   'C:\\n8nJobs\\node_modules\\react-scripts\\node_modules\\.bin\\tailwind.ps1': 'C:\\n8nJobs\\node_modules\\react-scripts\\node_modules\\.bin\\.tailwind.ps1-XQ8vXN95',
82 silly reify   'C:\\n8nJobs\\node_modules\\react-scripts\\node_modules\\.bin\\tailwindcss': 'C:\\n8nJobs\\node_modules\\react-scripts\\node_modules\\.bin\\.tailwindcss-uE1JdScJ',
82 silly reify   'C:\\n8nJobs\\node_modules\\react-scripts\\node_modules\\.bin\\tailwindcss.cmd': 'C:\\n8nJobs\\node_modules\\react-scripts\\node_modules\\.bin\\.tailwindcss.cmd-2MUu4anV',
82 silly reify   'C:\\n8nJobs\\node_modules\\react-scripts\\node_modules\\.bin\\tailwindcss.ps1': 'C:\\n8nJobs\\node_modules\\react-scripts\\node_modules\\.bin\\.tailwindcss.ps1-pBf9iJJg',
82 silly reify   'C:\\n8nJobs\\node_modules\\update-browserslist-db': 'C:\\n8nJobs\\node_modules\\.update-browserslist-db-sYStT9UM',
82 silly reify   'C:\\n8nJobs\\node_modules\\.bin\\update-browserslist-db': 'C:\\n8nJobs\\node_modules\\.bin\\.update-browserslist-db-oB8ufuBu',
82 silly reify   'C:\\n8nJobs\\node_modules\\.bin\\update-browserslist-db.cmd': 'C:\\n8nJobs\\node_modules\\.bin\\.update-browserslist-db.cmd-jfd3kxsB',
82 silly reify   'C:\\n8nJobs\\node_modules\\.bin\\update-browserslist-db.ps1': 'C:\\n8nJobs\\node_modules\\.bin\\.update-browserslist-db.ps1-8FYfCsN6'
82 silly reify }
83 silly audit bulk request {
83 silly audit   '@adobe/css-tools': [ '4.4.4' ],
83 silly audit   '@alloc/quick-lru': [ '5.2.0' ],
83 silly audit   '@ampproject/remapping': [ '2.3.0' ],
83 silly audit   '@babel/code-frame': [ '7.27.1' ],
83 silly audit   '@babel/compat-data': [ '7.28.0' ],
83 silly audit   '@babel/core': [ '7.28.3' ],
83 silly audit   semver: [ '6.3.1', '7.7.2' ],
83 silly audit   '@babel/eslint-parser': [ '7.28.0' ],
83 silly audit   'eslint-visitor-keys': [ '2.1.0', '3.4.3' ],
83 silly audit   '@babel/generator': [ '7.28.3' ],
83 silly audit   '@babel/helper-annotate-as-pure': [ '7.27.3' ],
83 silly audit   '@babel/helper-compilation-targets': [ '7.27.2' ],
83 silly audit   '@babel/helper-create-class-features-plugin': [ '7.28.3' ],
83 silly audit   '@babel/helper-create-regexp-features-plugin': [ '7.27.1' ],
83 silly audit   '@babel/helper-define-polyfill-provider': [ '0.6.5' ],
83 silly audit   '@babel/helper-globals': [ '7.28.0' ],
83 silly audit   '@babel/helper-member-expression-to-functions': [ '7.27.1' ],
83 silly audit   '@babel/helper-module-imports': [ '7.27.1' ],
83 silly audit   '@babel/helper-module-transforms': [ '7.28.3' ],
83 silly audit   '@babel/helper-optimise-call-expression': [ '7.27.1' ],
83 silly audit   '@babel/helper-plugin-utils': [ '7.27.1' ],
83 silly audit   '@babel/helper-remap-async-to-generator': [ '7.27.1' ],
83 silly audit   '@babel/helper-replace-supers': [ '7.27.1' ],
83 silly audit   '@babel/helper-skip-transparent-expression-wrappers': [ '7.27.1' ],
83 silly audit   '@babel/helper-string-parser': [ '7.27.1' ],
83 silly audit   '@babel/helper-validator-identifier': [ '7.27.1' ],
83 silly audit   '@babel/helper-validator-option': [ '7.27.1' ],
83 silly audit   '@babel/helper-wrap-function': [ '7.28.3' ],
83 silly audit   '@babel/helpers': [ '7.28.3' ],
83 silly audit   '@babel/parser': [ '7.28.3' ],
83 silly audit   '@babel/plugin-bugfix-firefox-class-in-computed-class-key': [ '7.27.1' ],
83 silly audit   '@babel/plugin-bugfix-safari-class-field-initializer-scope': [ '7.27.1' ],
83 silly audit   '@babel/plugin-bugfix-safari-id-destructuring-collision-in-function-expression': [ '7.27.1' ],
83 silly audit   '@babel/plugin-bugfix-v8-spread-parameters-in-optional-chaining': [ '7.27.1' ],
83 silly audit   '@babel/plugin-bugfix-v8-static-class-fields-redefine-readonly': [ '7.28.3' ],
83 silly audit   '@babel/plugin-proposal-class-properties': [ '7.18.6' ],
83 silly audit   '@babel/plugin-proposal-decorators': [ '7.28.0' ],
83 silly audit   '@babel/plugin-proposal-nullish-coalescing-operator': [ '7.18.6' ],
83 silly audit   '@babel/plugin-proposal-numeric-separator': [ '7.18.6' ],
83 silly audit   '@babel/plugin-proposal-optional-chaining': [ '7.21.0' ],
83 silly audit   '@babel/plugin-proposal-private-methods': [ '7.18.6' ],
83 silly audit   '@babel/plugin-proposal-private-property-in-object': [ '7.21.0-placeholder-for-preset-env.2', '7.21.11' ],
83 silly audit   '@babel/plugin-syntax-async-generators': [ '7.8.4' ],
83 silly audit   '@babel/plugin-syntax-bigint': [ '7.8.3' ],
83 silly audit   '@babel/plugin-syntax-class-properties': [ '7.12.13' ],
83 silly audit   '@babel/plugin-syntax-class-static-block': [ '7.14.5' ],
83 silly audit   '@babel/plugin-syntax-decorators': [ '7.27.1' ],
83 silly audit   '@babel/plugin-syntax-flow': [ '7.27.1' ],
83 silly audit   '@babel/plugin-syntax-import-assertions': [ '7.27.1' ],
83 silly audit   '@babel/plugin-syntax-import-attributes': [ '7.27.1' ],
83 silly audit   '@babel/plugin-syntax-import-meta': [ '7.10.4' ],
83 silly audit   '@babel/plugin-syntax-json-strings': [ '7.8.3' ],
83 silly audit   '@babel/plugin-syntax-jsx': [ '7.27.1' ],
83 silly audit   '@babel/plugin-syntax-logical-assignment-operators': [ '7.10.4' ],
83 silly audit   '@babel/plugin-syntax-nullish-coalescing-operator': [ '7.8.3' ],
83 silly audit   '@babel/plugin-syntax-numeric-separator': [ '7.10.4' ],
83 silly audit   '@babel/plugin-syntax-object-rest-spread': [ '7.8.3' ],
83 silly audit   '@babel/plugin-syntax-optional-catch-binding': [ '7.8.3' ],
83 silly audit   '@babel/plugin-syntax-optional-chaining': [ '7.8.3' ],
83 silly audit   '@babel/plugin-syntax-private-property-in-object': [ '7.14.5' ],
83 silly audit   '@babel/plugin-syntax-top-level-await': [ '7.14.5' ],
83 silly audit   '@babel/plugin-syntax-typescript': [ '7.27.1' ],
83 silly audit   '@babel/plugin-syntax-unicode-sets-regex': [ '7.18.6' ],
83 silly audit   '@babel/plugin-transform-arrow-functions': [ '7.27.1' ],
83 silly audit   '@babel/plugin-transform-async-generator-functions': [ '7.28.0' ],
83 silly audit   '@babel/plugin-transform-async-to-generator': [ '7.27.1' ],
83 silly audit   '@babel/plugin-transform-block-scoped-functions': [ '7.27.1' ],
83 silly audit   '@babel/plugin-transform-block-scoping': [ '7.28.0' ],
83 silly audit   '@babel/plugin-transform-class-properties': [ '7.27.1' ],
83 silly audit   '@babel/plugin-transform-class-static-block': [ '7.28.3' ],
83 silly audit   '@babel/plugin-transform-classes': [ '7.28.3' ],
83 silly audit   '@babel/plugin-transform-computed-properties': [ '7.27.1' ],
83 silly audit   '@babel/plugin-transform-destructuring': [ '7.28.0' ],
83 silly audit   '@babel/plugin-transform-dotall-regex': [ '7.27.1' ],
83 silly audit   '@babel/plugin-transform-duplicate-keys': [ '7.27.1' ],
83 silly audit   '@babel/plugin-transform-duplicate-named-capturing-groups-regex': [ '7.27.1' ],
83 silly audit   '@babel/plugin-transform-dynamic-import': [ '7.27.1' ],
83 silly audit   '@babel/plugin-transform-explicit-resource-management': [ '7.28.0' ],
83 silly audit   '@babel/plugin-transform-exponentiation-operator': [ '7.27.1' ],
83 silly audit   '@babel/plugin-transform-export-namespace-from': [ '7.27.1' ],
83 silly audit   '@babel/plugin-transform-flow-strip-types': [ '7.27.1' ],
83 silly audit   '@babel/plugin-transform-for-of': [ '7.27.1' ],
83 silly audit   '@babel/plugin-transform-function-name': [ '7.27.1' ],
83 silly audit   '@babel/plugin-transform-json-strings': [ '7.27.1' ],
83 silly audit   '@babel/plugin-transform-literals': [ '7.27.1' ],
83 silly audit   '@babel/plugin-transform-logical-assignment-operators': [ '7.27.1' ],
83 silly audit   '@babel/plugin-transform-member-expression-literals': [ '7.27.1' ],
83 silly audit   '@babel/plugin-transform-modules-amd': [ '7.27.1' ],
83 silly audit   '@babel/plugin-transform-modules-commonjs': [ '7.27.1' ],
83 silly audit   '@babel/plugin-transform-modules-systemjs': [ '7.27.1' ],
83 silly audit   '@babel/plugin-transform-modules-umd': [ '7.27.1' ],
83 silly audit   '@babel/plugin-transform-named-capturing-groups-regex': [ '7.27.1' ],
83 silly audit   '@babel/plugin-transform-new-target': [ '7.27.1' ],
83 silly audit   '@babel/plugin-transform-nullish-coalescing-operator': [ '7.27.1' ],
83 silly audit   '@babel/plugin-transform-numeric-separator': [ '7.27.1' ],
83 silly audit   '@babel/plugin-transform-object-rest-spread': [ '7.28.0' ],
83 silly audit   '@babel/plugin-transform-object-super': [ '7.27.1' ],
83 silly audit   '@babel/plugin-transform-optional-catch-binding': [ '7.27.1' ],
83 silly audit   '@babel/plugin-transform-optional-chaining': [ '7.27.1' ],
83 silly audit   '@babel/plugin-transform-parameters': [ '7.27.7' ],
83 silly audit   '@babel/plugin-transform-private-methods': [ '7.27.1' ],
83 silly audit   '@babel/plugin-transform-private-property-in-object': [ '7.27.1' ],
83 silly audit   '@babel/plugin-transform-property-literals': [ '7.27.1' ],
83 silly audit   '@babel/plugin-transform-react-constant-elements': [ '7.27.1' ],
83 silly audit   '@babel/plugin-transform-react-display-name': [ '7.28.0' ],
83 silly audit   '@babel/plugin-transform-react-jsx': [ '7.27.1' ],
83 silly audit   '@babel/plugin-transform-react-jsx-development': [ '7.27.1' ],
83 silly audit   '@babel/plugin-transform-react-pure-annotations': [ '7.27.1' ],
83 silly audit   '@babel/plugin-transform-regenerator': [ '7.28.3' ],
83 silly audit   '@babel/plugin-transform-regexp-modifiers': [ '7.27.1' ],
83 silly audit   '@babel/plugin-transform-reserved-words': [ '7.27.1' ],
83 silly audit   '@babel/plugin-transform-runtime': [ '7.28.3' ],
83 silly audit   '@babel/plugin-transform-shorthand-properties': [ '7.27.1' ],
83 silly audit   '@babel/plugin-transform-spread': [ '7.27.1' ],
83 silly audit   '@babel/plugin-transform-sticky-regex': [ '7.27.1' ],
83 silly audit   '@babel/plugin-transform-template-literals': [ '7.27.1' ],
83 silly audit   '@babel/plugin-transform-typeof-symbol': [ '7.27.1' ],
83 silly audit   '@babel/plugin-transform-typescript': [ '7.28.0' ],
83 silly audit   '@babel/plugin-transform-unicode-escapes': [ '7.27.1' ],
83 silly audit   '@babel/plugin-transform-unicode-property-regex': [ '7.27.1' ],
83 silly audit   '@babel/plugin-transform-unicode-regex': [ '7.27.1' ],
83 silly audit   '@babel/plugin-transform-unicode-sets-regex': [ '7.27.1' ],
83 silly audit   '@babel/preset-env': [ '7.28.3' ],
83 silly audit   '@babel/preset-modules': [ '0.1.6-no-external-plugins' ],
83 silly audit   '@babel/preset-react': [ '7.27.1' ],
83 silly audit   '@babel/preset-typescript': [ '7.27.1' ],
83 silly audit   '@babel/runtime': [ '7.28.3' ],
83 silly audit   '@babel/template': [ '7.27.2' ],
83 silly audit   '@babel/traverse': [ '7.28.3' ],
83 silly audit   '@babel/types': [ '7.28.2' ],
83 silly audit   '@bcoe/v8-coverage': [ '0.2.3' ],
83 silly audit   '@csstools/normalize.css': [ '12.1.1' ],
83 silly audit   '@csstools/postcss-cascade-layers': [ '1.1.1' ],
83 silly audit   '@csstools/postcss-color-function': [ '1.1.1' ],
83 silly audit   '@csstools/postcss-font-format-keywords': [ '1.0.1' ],
83 silly audit   '@csstools/postcss-hwb-function': [ '1.0.2' ],
83 silly audit   '@csstools/postcss-ic-unit': [ '1.0.1' ],
83 silly audit   '@csstools/postcss-is-pseudo-class': [ '2.0.7' ],
83 silly audit   '@csstools/postcss-nested-calc': [ '1.0.0' ],
83 silly audit   '@csstools/postcss-normalize-display-values': [ '1.0.1' ],
83 silly audit   '@csstools/postcss-oklab-function': [ '1.1.1' ],
83 silly audit   '@csstools/postcss-progressive-custom-properties': [ '1.3.0' ],
83 silly audit   '@csstools/postcss-stepped-value-functions': [ '1.0.1' ],
83 silly audit   '@csstools/postcss-text-decoration-shorthand': [ '1.0.0' ],
83 silly audit   '@csstools/postcss-trigonometric-functions': [ '1.0.2' ],
83 silly audit   '@csstools/postcss-unset-value': [ '1.0.2' ],
83 silly audit   '@csstools/selector-specificity': [ '2.2.0' ],
83 silly audit   '@eslint-community/eslint-utils': [ '4.7.0' ],
83 silly audit   '@eslint-community/regexpp': [ '4.12.1' ],
83 silly audit   '@eslint/eslintrc': [ '2.1.4' ],
83 silly audit   argparse: [ '2.0.1', '1.0.10' ],
83 silly audit   'js-yaml': [ '4.1.0', '3.14.1' ],
83 silly audit   '@eslint/js': [ '8.57.1' ],
83 silly audit   '@humanwhocodes/config-array': [ '0.13.0' ],
83 silly audit   '@humanwhocodes/module-importer': [ '1.0.1' ],
83 silly audit   '@humanwhocodes/object-schema': [ '2.0.3' ],
83 silly audit   '@isaacs/cliui': [ '8.0.2' ],
83 silly audit   'ansi-regex': [ '6.2.0', '5.0.1', '6.1.0' ],
83 silly audit   'ansi-styles': [ '6.2.1', '4.3.0', '3.2.1', '5.2.0' ],
83 silly audit   'string-width': [ '5.1.2', '4.2.3' ],
83 silly audit   'strip-ansi': [ '7.1.0', '6.0.1' ],
83 silly audit   'wrap-ansi': [ '8.1.0', '7.0.0' ],
83 silly audit   '@istanbuljs/load-nyc-config': [ '1.1.0' ],
83 silly audit   camelcase: [ '5.3.1', '6.3.0' ],
83 silly audit   '@istanbuljs/schema': [ '0.1.3' ],
83 silly audit   '@jest/console': [ '27.5.1', '28.1.3' ],
83 silly audit   '@jest/core': [ '27.5.1' ],
83 silly audit   '@jest/environment': [ '27.5.1' ],
83 silly audit   '@jest/fake-timers': [ '27.5.1' ],
83 silly audit   '@jest/globals': [ '27.5.1' ],
83 silly audit   '@jest/reporters': [ '27.5.1' ],
83 silly audit   'source-map': [ '0.6.1', '0.7.6', '0.8.0-beta.0' ],
83 silly audit   '@jest/schemas': [ '28.1.3' ],
83 silly audit   '@jest/source-map': [ '27.5.1' ],
83 silly audit   '@jest/test-result': [ '27.5.1', '28.1.3' ],
83 silly audit   '@jest/test-sequencer': [ '27.5.1' ],
83 silly audit   '@jest/transform': [ '27.5.1' ],
83 silly audit   'convert-source-map': [ '1.9.0', '2.0.0' ],
83 silly audit   '@jest/types': [ '27.5.1', '28.1.3' ],
83 silly audit   '@jridgewell/gen-mapping': [ '0.3.13' ],
83 silly audit   '@jridgewell/resolve-uri': [ '3.1.2' ],
83 silly audit   '@jridgewell/source-map': [ '0.3.11' ],
83 silly audit   '@jridgewell/sourcemap-codec': [ '1.5.5' ],
83 silly audit   '@jridgewell/trace-mapping': [ '0.3.30' ],
83 silly audit   '@leichtgewicht/ip-codec': [ '2.0.5' ],
83 silly audit   '@nicolo-ribaudo/eslint-scope-5-internals': [ '5.1.1-v1' ],
83 silly audit   'eslint-scope': [ '5.1.1', '7.2.2' ],
83 silly audit   estraverse: [ '4.3.0', '5.3.0' ],
83 silly audit   '@nodelib/fs.scandir': [ '2.1.5' ],
83 silly audit   '@nodelib/fs.stat': [ '2.0.5' ],
83 silly audit   '@nodelib/fs.walk': [ '1.2.8' ],
83 silly audit   '@pkgjs/parseargs': [ '0.11.0' ],
83 silly audit   '@pmmmwh/react-refresh-webpack-plugin': [ '0.5.17' ],
83 silly audit   '@rollup/plugin-babel': [ '5.3.1' ],
83 silly audit   '@rollup/plugin-node-resolve': [ '11.2.1' ],
83 silly audit   '@rollup/plugin-replace': [ '2.4.2' ],
83 silly audit   '@rollup/pluginutils': [ '3.1.0' ],
83 silly audit   '@types/estree': [ '0.0.39', '1.0.8' ],
83 silly audit   '@rtsao/scc': [ '1.1.0' ],
83 silly audit   '@rushstack/eslint-patch': [ '1.12.0' ],
83 silly audit   '@sinclair/typebox': [ '0.24.51' ],
83 silly audit   '@sinonjs/commons': [ '1.8.6' ],
83 silly audit   '@sinonjs/fake-timers': [ '8.1.0' ],
83 silly audit   '@surma/rollup-plugin-off-main-thread': [ '2.2.3' ],
83 silly audit   '@svgr/babel-plugin-add-jsx-attribute': [ '5.4.0' ],
83 silly audit   '@svgr/babel-plugin-remove-jsx-attribute': [ '5.4.0' ],
83 silly audit   '@svgr/babel-plugin-remove-jsx-empty-expression': [ '5.0.1' ],
83 silly audit   '@svgr/babel-plugin-replace-jsx-attribute-value': [ '5.0.1' ],
83 silly audit   '@svgr/babel-plugin-svg-dynamic-title': [ '5.4.0' ],
83 silly audit   '@svgr/babel-plugin-svg-em-dimensions': [ '5.4.0' ],
83 silly audit   '@svgr/babel-plugin-transform-react-native-svg': [ '5.4.0' ],
83 silly audit   '@svgr/babel-plugin-transform-svg-component': [ '5.5.0' ],
83 silly audit   '@svgr/babel-preset': [ '5.5.0' ],
83 silly audit   '@svgr/core': [ '5.5.0' ],
83 silly audit   '@svgr/hast-util-to-babel-ast': [ '5.5.0' ],
83 silly audit   '@svgr/plugin-jsx': [ '5.5.0' ],
83 silly audit   '@svgr/plugin-svgo': [ '5.5.0' ],
83 silly audit   '@svgr/webpack': [ '5.5.0' ],
83 silly audit   '@testing-library/dom': [ '10.4.1' ],
83 silly audit   'aria-query': [ '5.3.0', '5.3.2' ],
83 silly audit   '@testing-library/jest-dom': [ '6.7.0' ],
83 silly audit   'dom-accessibility-api': [ '0.6.3', '0.5.16' ],
83 silly audit   '@testing-library/react': [ '16.3.0' ],
83 silly audit   '@testing-library/user-event': [ '13.5.0' ],
83 silly audit   '@tootallnate/once': [ '1.1.2' ],
83 silly audit   '@trysound/sax': [ '0.2.0' ],
83 silly audit   '@types/aria-query': [ '5.0.4' ],
83 silly audit   '@types/babel__core': [ '7.20.5' ],
83 silly audit   '@types/babel__generator': [ '7.27.0' ],
83 silly audit   '@types/babel__template': [ '7.4.4' ],
83 silly audit   '@types/babel__traverse': [ '7.28.0' ],
83 silly audit   '@types/body-parser': [ '1.19.6' ],
83 silly audit   '@types/bonjour': [ '3.5.13' ],
83 silly audit   '@types/connect': [ '3.4.38' ],
83 silly audit   '@types/connect-history-api-fallback': [ '1.5.4' ],
83 silly audit   '@types/eslint': [ '8.56.12' ],
83 silly audit   '@types/eslint-scope': [ '3.7.7' ],
83 silly audit   '@types/express': [ '4.17.23' ],
83 silly audit   '@types/express-serve-static-core': [ '5.0.7', '4.19.6' ],
83 silly audit   '@types/graceful-fs': [ '4.1.9' ],
83 silly audit   '@types/html-minifier-terser': [ '6.1.0' ],
83 silly audit   '@types/http-errors': [ '2.0.5' ],
83 silly audit   '@types/http-proxy': [ '1.17.16' ],
83 silly audit   '@types/istanbul-lib-coverage': [ '2.0.6' ],
83 silly audit   '@types/istanbul-lib-report': [ '3.0.3' ],
83 silly audit   '@types/istanbul-reports': [ '3.0.4' ],
83 silly audit   '@types/json-schema': [ '7.0.15' ],
83 silly audit   '@types/json5': [ '0.0.29' ],
83 silly audit   '@types/mime': [ '1.3.5' ],
83 silly audit   '@types/node': [ '24.2.1' ],
83 silly audit   '@types/node-forge': [ '1.3.13' ],
83 silly audit   '@types/parse-json': [ '4.0.2' ],
83 silly audit   '@types/prettier': [ '2.7.3' ],
83 silly audit   '@types/q': [ '1.5.8' ],
83 silly audit   '@types/qs': [ '6.14.0' ],
83 silly audit   '@types/range-parser': [ '1.2.7' ],
83 silly audit   '@types/resolve': [ '1.17.1' ],
83 silly audit   '@types/retry': [ '0.12.0' ],
83 silly audit   '@types/semver': [ '7.7.0' ],
83 silly audit   '@types/send': [ '0.17.5' ],
83 silly audit   '@types/serve-index': [ '1.9.4' ],
83 silly audit   '@types/serve-static': [ '1.15.8' ],
83 silly audit   '@types/sockjs': [ '0.3.36' ],
83 silly audit   '@types/stack-utils': [ '2.0.3' ],
83 silly audit   '@types/trusted-types': [ '2.0.7' ],
83 silly audit   '@types/ws': [ '8.18.1' ],
83 silly audit   '@types/yargs': [ '16.0.9', '17.0.33' ],
83 silly audit   '@types/yargs-parser': [ '21.0.3' ],
83 silly audit   '@typescript-eslint/eslint-plugin': [ '5.62.0' ],
83 silly audit   '@typescript-eslint/experimental-utils': [ '5.62.0' ],
83 silly audit   '@typescript-eslint/parser': [ '5.62.0' ],
83 silly audit   '@typescript-eslint/scope-manager': [ '5.62.0' ],
83 silly audit   '@typescript-eslint/type-utils': [ '5.62.0' ],
83 silly audit   '@typescript-eslint/types': [ '5.62.0' ],
83 silly audit   '@typescript-eslint/typescript-estree': [ '5.62.0' ],
83 silly audit   '@typescript-eslint/utils': [ '5.62.0' ],
83 silly audit   '@typescript-eslint/visitor-keys': [ '5.62.0' ],
83 silly audit   '@ungap/structured-clone': [ '1.3.0' ],
83 silly audit   '@webassemblyjs/ast': [ '1.14.1' ],
83 silly audit   '@webassemblyjs/floating-point-hex-parser': [ '1.13.2' ],
83 silly audit   '@webassemblyjs/helper-api-error': [ '1.13.2' ],
83 silly audit   '@webassemblyjs/helper-buffer': [ '1.14.1' ],
83 silly audit   '@webassemblyjs/helper-numbers': [ '1.13.2' ],
83 silly audit   '@webassemblyjs/helper-wasm-bytecode': [ '1.13.2' ],
83 silly audit   '@webassemblyjs/helper-wasm-section': [ '1.14.1' ],
83 silly audit   '@webassemblyjs/ieee754': [ '1.13.2' ],
83 silly audit   '@webassemblyjs/leb128': [ '1.13.2' ],
83 silly audit   '@webassemblyjs/utf8': [ '1.13.2' ],
83 silly audit   '@webassemblyjs/wasm-edit': [ '1.14.1' ],
83 silly audit   '@webassemblyjs/wasm-gen': [ '1.14.1' ],
83 silly audit   '@webassemblyjs/wasm-opt': [ '1.14.1' ],
83 silly audit   '@webassemblyjs/wasm-parser': [ '1.14.1' ],
83 silly audit   '@webassemblyjs/wast-printer': [ '1.14.1' ],
83 silly audit   '@xtuc/ieee754': [ '1.2.0' ],
83 silly audit   '@xtuc/long': [ '4.2.2' ],
83 silly audit   abab: [ '2.0.6' ],
83 silly audit   accepts: [ '1.3.8' ],
83 silly audit   negotiator: [ '0.6.3', '0.6.4' ],
83 silly audit   acorn: [ '8.15.0', '7.4.1' ],
83 silly audit   'acorn-globals': [ '6.0.0' ],
83 silly audit   'acorn-import-phases': [ '1.0.4' ],
83 silly audit   'acorn-jsx': [ '5.3.2' ],
83 silly audit   'acorn-walk': [ '7.2.0' ],
83 silly audit   address: [ '1.2.2' ],
83 silly audit   'adjust-sourcemap-loader': [ '4.0.0' ],
83 silly audit   'agent-base': [ '6.0.2' ],
83 silly audit   ajv: [ '6.12.6', '8.17.1' ],
83 silly audit   'ajv-formats': [ '2.1.1' ],
83 silly audit   'json-schema-traverse': [ '1.0.0', '0.4.1' ],
83 silly audit   'ajv-keywords': [ '3.5.2', '5.1.0' ],
83 silly audit   'ansi-escapes': [ '4.3.2' ],
83 silly audit   'type-fest': [ '0.21.3', '0.16.0', '0.20.2' ],
83 silly audit   'ansi-html': [ '0.0.9' ],
83 silly audit   'ansi-html-community': [ '0.0.8' ],
83 silly audit   'any-promise': [ '1.3.0' ],
83 silly audit   anymatch: [ '3.1.3' ],
83 silly audit   arg: [ '5.0.2' ],
83 silly audit   'array-buffer-byte-length': [ '1.0.2' ],
83 silly audit   'array-flatten': [ '1.1.1' ],
83 silly audit   'array-includes': [ '3.1.9' ],
83 silly audit   'array-union': [ '2.1.0' ],
83 silly audit   'array.prototype.findlast': [ '1.2.5' ],
83 silly audit   'array.prototype.findlastindex': [ '1.2.6' ],
83 silly audit   'array.prototype.flat': [ '1.3.3' ],
83 silly audit   'array.prototype.flatmap': [ '1.3.3' ],
83 silly audit   'array.prototype.reduce': [ '1.0.8' ],
83 silly audit   'array.prototype.tosorted': [ '1.1.4' ],
83 silly audit   'arraybuffer.prototype.slice': [ '1.0.4' ],
83 silly audit   asap: [ '2.0.6' ],
83 silly audit   'ast-types-flow': [ '0.0.8' ],
83 silly audit   async: [ '3.2.6' ],
83 silly audit   'async-function': [ '1.0.0' ],
83 silly audit   asynckit: [ '0.4.0' ],
83 silly audit   'at-least-node': [ '1.0.0' ],
83 silly audit   'available-typed-arrays': [ '1.0.7' ],
83 silly audit   'axe-core': [ '4.10.3' ],
83 silly audit   'axobject-query': [ '4.1.0' ],
83 silly audit   'babel-jest': [ '27.5.1' ],
83 silly audit   'babel-loader': [ '8.4.1' ],
83 silly audit   'schema-utils': [ '2.7.1', '3.3.0', '2.7.0', '4.3.2' ],
83 silly audit   'babel-plugin-istanbul': [ '6.1.1' ],
83 silly audit   'babel-plugin-jest-hoist': [ '27.5.1' ],
83 silly audit   'babel-plugin-macros': [ '3.1.0' ],
83 silly audit   'babel-plugin-named-asset-import': [ '0.3.8' ],
83 silly audit   'babel-plugin-polyfill-corejs2': [ '0.4.14' ],
83 silly audit   'babel-plugin-polyfill-corejs3': [ '0.13.0' ],
83 silly audit   'babel-plugin-polyfill-regenerator': [ '0.6.5' ],
83 silly audit   'babel-plugin-transform-react-remove-prop-types': [ '0.4.24' ],
83 silly audit   'babel-preset-current-node-syntax': [ '1.2.0' ],
83 silly audit   'babel-preset-jest': [ '27.5.1' ],
83 silly audit   'babel-preset-react-app': [ '10.1.0' ],
83 silly audit   'balanced-match': [ '1.0.2' ],
83 silly audit   batch: [ '0.6.1' ],
83 silly audit   bfj: [ '7.1.0' ],
83 silly audit   'big.js': [ '5.2.2' ],
83 silly audit   'binary-extensions': [ '2.3.0' ],
83 silly audit   bluebird: [ '3.7.2' ],
83 silly audit   'body-parser': [ '1.20.3' ],
83 silly audit   debug: [ '2.6.9', '4.4.1', '3.2.7' ],
83 silly audit   'iconv-lite': [ '0.4.24', '0.6.3' ],
83 silly audit   ms: [ '2.0.0', '2.1.3' ],
83 silly audit   'bonjour-service': [ '1.3.0' ],
83 silly audit   boolbase: [ '1.0.0' ],
83 silly audit   'brace-expansion': [ '1.1.12', '2.0.2' ],
83 silly audit   braces: [ '3.0.3' ],
83 silly audit   'browser-process-hrtime': [ '1.0.0' ],
83 silly audit   bser: [ '2.1.1' ],
83 silly audit   'buffer-from': [ '1.1.2' ],
83 silly audit   'builtin-modules': [ '3.3.0' ],
83 silly audit   bytes: [ '3.1.2' ],
83 silly audit   'call-bind': [ '1.0.8' ],
83 silly audit   'call-bind-apply-helpers': [ '1.0.2' ],
83 silly audit   'call-bound': [ '1.0.4' ],
83 silly audit   callsites: [ '3.1.0' ],
83 silly audit   'camel-case': [ '4.1.2' ],
83 silly audit   'camelcase-css': [ '2.0.1' ],
83 silly audit   'caniuse-api': [ '3.0.0' ],
83 silly audit   'case-sensitive-paths-webpack-plugin': [ '2.4.0' ],
83 silly audit   chalk: [ '4.1.2', '2.4.2' ],
83 silly audit   'char-regex': [ '1.0.2', '2.0.2' ],
83 silly audit   'check-types': [ '11.2.3' ],
83 silly audit   chokidar: [ '3.6.0' ],
83 silly audit   'glob-parent': [ '5.1.2', '6.0.2' ],
83 silly audit   'chrome-trace-event': [ '1.0.4' ],
83 silly audit   'ci-info': [ '3.9.0' ],
83 silly audit   'cjs-module-lexer': [ '1.4.3' ],
83 silly audit   'clean-css': [ '5.3.3' ],
83 silly audit   cliui: [ '7.0.4' ],
83 silly audit   co: [ '4.6.0' ],
83 silly audit   coa: [ '2.0.2' ],
83 silly audit   'color-convert': [ '1.9.3', '2.0.1' ],
83 silly audit   'color-name': [ '1.1.3', '1.1.4' ],
83 silly audit   'escape-string-regexp': [ '1.0.5', '4.0.0', '2.0.0' ],
83 silly audit   'has-flag': [ '3.0.0', '4.0.0' ],
83 silly audit   'supports-color': [ '5.5.0', '8.1.1', '7.2.0' ],
83 silly audit   'collect-v8-coverage': [ '1.0.2' ],
83 silly audit   colord: [ '2.9.3' ],
83 silly audit   colorette: [ '2.0.20' ],
83 silly audit   'combined-stream': [ '1.0.8' ],
83 silly audit   commander: [ '8.3.0', '7.2.0', '4.1.1', '2.20.3' ],
83 silly audit   'common-tags': [ '1.8.2' ],
83 silly audit   commondir: [ '1.0.1' ],
83 silly audit   compressible: [ '2.0.18' ],
83 silly audit   compression: [ '1.8.1' ],
83 silly audit   'concat-map': [ '0.0.1' ],
83 silly audit   'confusing-browser-globals': [ '1.0.11' ],
83 silly audit   'connect-history-api-fallback': [ '2.0.0' ],
83 silly audit   'content-disposition': [ '0.5.4' ],
83 silly audit   'content-type': [ '1.0.5' ],
83 silly audit   cookie: [ '0.7.1', '1.0.2' ],
83 silly audit   'cookie-signature': [ '1.0.6' ],
83 silly audit   'core-js': [ '3.45.0' ],
83 silly audit   'core-js-compat': [ '3.45.0' ],
83 silly audit   'core-js-pure': [ '3.45.0' ],
83 silly audit   'core-util-is': [ '1.0.3' ],
83 silly audit   cosmiconfig: [ '7.1.0', '6.0.0' ],
83 silly audit   'cross-spawn': [ '7.0.6' ],
83 silly audit   'crypto-random-string': [ '2.0.0' ],
83 silly audit   'css-blank-pseudo': [ '3.0.3' ],
83 silly audit   'css-declaration-sorter': [ '6.4.1' ],
83 silly audit   'css-has-pseudo': [ '3.0.4' ],
83 silly audit   'css-loader': [ '6.11.0' ],
83 silly audit   'css-minimizer-webpack-plugin': [ '3.4.1' ],
83 silly audit   'css-prefers-color-scheme': [ '6.0.3' ],
83 silly audit   'css-select': [ '4.3.0', '2.1.0' ],
83 silly audit   'css-select-base-adapter': [ '0.1.1' ],
83 silly audit   'css-tree': [ '1.0.0-alpha.37', '1.1.3' ],
83 silly audit   'css-what': [ '6.2.2', '3.4.2' ],
83 silly audit   'css.escape': [ '1.5.1' ],
83 silly audit   cssdb: [ '7.11.2' ],
83 silly audit   cssesc: [ '3.0.0' ],
83 silly audit   cssnano: [ '5.1.15' ],
83 silly audit   'cssnano-preset-default': [ '5.2.14' ],
83 silly audit   'cssnano-utils': [ '3.1.0' ],
83 silly audit   csso: [ '4.2.0' ],
83 silly audit   'mdn-data': [ '2.0.14', '2.0.4' ],
83 silly audit   cssom: [ '0.4.4', '0.3.8' ],
83 silly audit   cssstyle: [ '2.3.0' ],
83 silly audit   'damerau-levenshtein': [ '1.0.8' ],
83 silly audit   'data-urls': [ '2.0.0' ],
83 silly audit   'data-view-buffer': [ '1.0.2' ],
83 silly audit   'data-view-byte-length': [ '1.0.2' ],
83 silly audit   'data-view-byte-offset': [ '1.0.1' ],
83 silly audit   'decimal.js': [ '10.6.0' ],
83 silly audit   dedent: [ '0.7.0' ],
83 silly audit   'deep-is': [ '0.1.4' ],
83 silly audit   deepmerge: [ '4.3.1' ],
83 silly audit   'default-gateway': [ '6.0.3' ],
83 silly audit   'define-data-property': [ '1.1.4' ],
83 silly audit   'define-lazy-prop': [ '2.0.0' ],
83 silly audit   'define-properties': [ '1.2.1' ],
83 silly audit   'delayed-stream': [ '1.0.0' ],
83 silly audit   depd: [ '2.0.0', '1.1.2' ],
83 silly audit   dequal: [ '2.0.3' ],
83 silly audit   destroy: [ '1.2.0' ],
83 silly audit   'detect-newline': [ '3.1.0' ],
83 silly audit   'detect-node': [ '2.1.0' ],
83 silly audit   'detect-port-alt': [ '1.1.6' ],
83 silly audit   didyoumean: [ '1.2.2' ],
83 silly audit   'diff-sequences': [ '27.5.1' ],
83 silly audit   'dir-glob': [ '3.0.1' ],
83 silly audit   dlv: [ '1.1.3' ],
83 silly audit   'dns-packet': [ '5.6.1' ],
83 silly audit   doctrine: [ '3.0.0', '2.1.0' ],
83 silly audit   'dom-converter': [ '0.2.0' ],
83 silly audit   'dom-serializer': [ '1.4.1', '0.2.2' ],
83 silly audit   domelementtype: [ '2.3.0', '1.3.1' ],
83 silly audit   domexception: [ '2.0.1' ],
83 silly audit   'webidl-conversions': [ '5.0.0', '6.1.0', '4.0.2' ],
83 silly audit   domhandler: [ '4.3.1' ],
83 silly audit   domutils: [ '2.8.0', '1.7.0' ],
83 silly audit   'dot-case': [ '3.0.4' ],
83 silly audit   dotenv: [ '10.0.0' ],
83 silly audit   'dotenv-expand': [ '5.1.0' ],
83 silly audit   'dunder-proto': [ '1.0.1' ],
83 silly audit   duplexer: [ '0.1.2' ],
83 silly audit   eastasianwidth: [ '0.2.0' ],
83 silly audit   'ee-first': [ '1.1.1' ],
83 silly audit   ejs: [ '3.1.10' ],
83 silly audit   emittery: [ '0.8.1', '0.10.2' ],
83 silly audit   'emoji-regex': [ '9.2.2', '8.0.0' ],
83 silly audit   'emojis-list': [ '3.0.0' ],
83 silly audit   encodeurl: [ '2.0.0', '1.0.2' ],
83 silly audit   'enhanced-resolve': [ '5.18.3' ],
83 silly audit   entities: [ '2.2.0' ],
83 silly audit   'error-ex': [ '1.3.2' ],
83 silly audit   'error-stack-parser': [ '2.1.4' ],
83 silly audit   'es-abstract': [ '1.24.0' ],
83 silly audit   'es-array-method-boxes-properly': [ '1.0.0' ],
83 silly audit   'es-define-property': [ '1.0.1' ],
83 silly audit   'es-errors': [ '1.3.0' ],
83 silly audit   'es-iterator-helpers': [ '1.2.1' ],
83 silly audit   'es-module-lexer': [ '1.7.0' ],
83 silly audit   'es-object-atoms': [ '1.1.1' ],
83 silly audit   'es-set-tostringtag': [ '2.1.0' ],
83 silly audit   'es-shim-unscopables': [ '1.1.0' ],
83 silly audit   'es-to-primitive': [ '1.3.0' ],
83 silly audit   escalade: [ '3.2.0' ],
83 silly audit   'escape-html': [ '1.0.3' ],
83 silly audit   escodegen: [ '2.1.0', '1.14.3' ],
83 silly audit   eslint: [ '8.57.1' ],
83 silly audit   'eslint-config-react-app': [ '7.0.1' ],
83 silly audit   'eslint-import-resolver-node': [ '0.3.9' ],
83 silly audit   'eslint-module-utils': [ '2.12.1' ],
83 silly audit   'eslint-plugin-flowtype': [ '8.0.3' ],
83 silly audit   'eslint-plugin-import': [ '2.32.0' ],
83 silly audit   'eslint-plugin-jest': [ '25.7.0' ],
83 silly audit   'eslint-plugin-jsx-a11y': [ '6.10.2' ],
83 silly audit   'eslint-plugin-react': [ '7.37.5' ],
83 silly audit   'eslint-plugin-react-hooks': [ '4.6.2' ],
83 silly audit   resolve: [ '2.0.0-next.5', '1.22.10' ],
83 silly audit   'eslint-plugin-testing-library': [ '5.11.1' ],
83 silly audit   'eslint-webpack-plugin': [ '3.2.0' ],
83 silly audit   'jest-worker': [ '28.1.3', '27.5.1', '26.6.2' ],
83 silly audit   'find-up': [ '5.0.0', '4.1.0', '3.0.0' ],
83 silly audit   'locate-path': [ '6.0.0', '5.0.0', '3.0.0' ],
83 silly audit   'p-limit': [ '3.1.0', '2.3.0' ],
83 silly audit   'p-locate': [ '5.0.0', '4.1.0', '3.0.0' ],
83 silly audit   espree: [ '9.6.1' ],
83 silly audit   esprima: [ '4.0.1', '1.2.2' ],
83 silly audit   esquery: [ '1.6.0' ],
83 silly audit   esrecurse: [ '4.3.0' ],
83 silly audit   'estree-walker': [ '1.0.1' ],
83 silly audit   esutils: [ '2.0.3' ],
83 silly audit   etag: [ '1.8.1' ],
83 silly audit   eventemitter3: [ '4.0.7' ],
83 silly audit   events: [ '3.3.0' ],
83 silly audit   execa: [ '5.1.1' ],
83 silly audit   exit: [ '0.1.2' ],
83 silly audit   expect: [ '27.5.1' ],
83 silly audit   express: [ '4.21.2' ],
83 silly audit   'fast-deep-equal': [ '3.1.3' ],
83 silly audit   'fast-glob': [ '3.3.3' ],
83 silly audit   'fast-json-stable-stringify': [ '2.1.0' ],
83 silly audit   'fast-levenshtein': [ '2.0.6' ],
83 silly audit   'fast-uri': [ '3.0.6' ],
83 silly audit   fastq: [ '1.19.1' ],
83 silly audit   'faye-websocket': [ '0.11.4' ],
83 silly audit   'fb-watchman': [ '2.0.2' ],
83 silly audit   'file-entry-cache': [ '6.0.1' ],
83 silly audit   'file-loader': [ '6.2.0' ],
83 silly audit   filelist: [ '1.0.4' ],
83 silly audit   minimatch: [ '5.1.6', '3.1.2', '9.0.5' ],
83 silly audit   filesize: [ '8.0.7' ],
83 silly audit   'fill-range': [ '7.1.1' ],
83 silly audit   finalhandler: [ '1.3.1' ],
83 silly audit   'find-cache-dir': [ '3.3.2' ],
83 silly audit   'flat-cache': [ '3.2.0' ],
83 silly audit   flatted: [ '3.3.3' ],
83 silly audit   'follow-redirects': [ '1.15.11' ],
83 silly audit   'for-each': [ '0.3.5' ],
83 silly audit   'foreground-child': [ '3.3.1' ],
83 silly audit   'signal-exit': [ '4.1.0', '3.0.7' ],
83 silly audit   'fork-ts-checker-webpack-plugin': [ '6.5.3' ],
83 silly audit   'fs-extra': [ '9.1.0', '10.1.0' ],
83 silly audit   tapable: [ '1.1.3', '2.2.2' ],
83 silly audit   'form-data': [ '3.0.4' ],
83 silly audit   forwarded: [ '0.2.0' ],
83 silly audit   fresh: [ '0.5.2' ],
83 silly audit   'fs-monkey': [ '1.1.0' ],
83 silly audit   'fs.realpath': [ '1.0.0' ],
83 silly audit   fsevents: [ '2.3.3' ],
83 silly audit   'function-bind': [ '1.1.2' ],
83 silly audit   'function.prototype.name': [ '1.1.8' ],
83 silly audit   'functions-have-names': [ '1.2.3' ],
83 silly audit   gensync: [ '1.0.0-beta.2' ],
83 silly audit   'get-caller-file': [ '2.0.5' ],
83 silly audit   'get-intrinsic': [ '1.3.0' ],
83 silly audit   'get-own-enumerable-property-symbols': [ '3.0.2' ],
83 silly audit   'get-package-type': [ '0.1.0' ],
83 silly audit   'get-proto': [ '1.0.1' ],
83 silly audit   'get-stream': [ '6.0.1' ],
83 silly audit   'get-symbol-description': [ '1.1.0' ],
83 silly audit   glob: [ '7.2.3', '10.4.5' ],
83 silly audit   'glob-to-regexp': [ '0.4.1' ],
83 silly audit   'global-modules': [ '2.0.0' ],
83 silly audit   'global-prefix': [ '3.0.0' ],
83 silly audit   which: [ '1.3.1', '2.0.2' ],
83 silly audit   globals: [ '13.24.0' ],
83 silly audit   globalthis: [ '1.0.4' ],
83 silly audit   globby: [ '11.1.0' ],
83 silly audit   gopd: [ '1.2.0' ],
83 silly audit   'graceful-fs': [ '4.2.11' ],
83 silly audit   graphemer: [ '1.4.0' ],
83 silly audit   'gzip-size': [ '6.0.0' ],
83 silly audit   'handle-thing': [ '2.0.1' ],
83 silly audit   'harmony-reflect': [ '1.6.2' ],
83 silly audit   'has-bigints': [ '1.1.0' ],
83 silly audit   'has-property-descriptors': [ '1.0.2' ],
83 silly audit   'has-proto': [ '1.2.0' ],
83 silly audit   'has-symbols': [ '1.1.0' ],
83 silly audit   'has-tostringtag': [ '1.0.2' ],
83 silly audit   hasown: [ '2.0.2' ],
83 silly audit   he: [ '1.2.0' ],
83 silly audit   hoopy: [ '0.1.4' ],
83 silly audit   'hpack.js': [ '2.1.6' ],
83 silly audit   isarray: [ '1.0.0', '2.0.5' ],
83 silly audit   'readable-stream': [ '2.3.8', '3.6.2' ],
83 silly audit   'safe-buffer': [ '5.1.2', '5.2.1' ],
83 silly audit   string_decoder: [ '1.1.1', '1.3.0' ],
83 silly audit   'html-encoding-sniffer': [ '2.0.1' ],
83 silly audit   'html-entities': [ '2.6.0' ],
83 silly audit   'html-escaper': [ '2.0.2' ],
83 silly audit   'html-minifier-terser': [ '6.1.0' ],
83 silly audit   'html-webpack-plugin': [ '5.6.4' ],
83 silly audit   htmlparser2: [ '6.1.0' ],
83 silly audit   'http-deceiver': [ '1.2.7' ],
83 silly audit   'http-errors': [ '2.0.0', '1.6.3' ],
83 silly audit   'http-parser-js': [ '0.5.10' ],
83 silly audit   'http-proxy': [ '1.18.1' ],
83 silly audit   'http-proxy-agent': [ '4.0.1' ],
83 silly audit   'http-proxy-middleware': [ '2.0.9' ],
83 silly audit   'https-proxy-agent': [ '5.0.1' ],
83 silly audit   'human-signals': [ '2.1.0' ],
83 silly audit   'icss-utils': [ '5.1.0' ],
83 silly audit   idb: [ '7.1.1' ],
83 silly audit   'identity-obj-proxy': [ '3.0.0' ],
83 silly audit   ignore: [ '5.3.2' ],
83 silly audit   immer: [ '9.0.21' ],
83 silly audit   'import-fresh': [ '3.3.1' ],
83 silly audit   'resolve-from': [ '4.0.0', '5.0.0' ],
83 silly audit   'import-local': [ '3.2.0' ],
83 silly audit   imurmurhash: [ '0.1.4' ],
83 silly audit   'indent-string': [ '4.0.0' ],
83 silly audit   inflight: [ '1.0.6' ],
83 silly audit   inherits: [ '2.0.4', '2.0.3' ],
83 silly audit   ini: [ '1.3.8' ],
83 silly audit   'internal-slot': [ '1.1.0' ],
83 silly audit   'ipaddr.js': [ '2.2.0', '1.9.1' ],
83 silly audit   'is-array-buffer': [ '3.0.5' ],
83 silly audit   'is-arrayish': [ '0.2.1' ],
83 silly audit   'is-async-function': [ '2.1.1' ],
83 silly audit   'is-bigint': [ '1.1.0' ],
83 silly audit   'is-binary-path': [ '2.1.0' ],
83 silly audit   'is-boolean-object': [ '1.2.2' ],
83 silly audit   'is-callable': [ '1.2.7' ],
83 silly audit   'is-core-module': [ '2.16.1' ],
83 silly audit   'is-data-view': [ '1.0.2' ],
83 silly audit   'is-date-object': [ '1.1.0' ],
83 silly audit   'is-docker': [ '2.2.1' ],
83 silly audit   'is-extglob': [ '2.1.1' ],
83 silly audit   'is-finalizationregistry': [ '1.1.1' ],
83 silly audit   'is-fullwidth-code-point': [ '3.0.0' ],
83 silly audit   'is-generator-fn': [ '2.1.0' ],
83 silly audit   'is-generator-function': [ '1.1.0' ],
83 silly audit   'is-glob': [ '4.0.3' ],
83 silly audit   'is-map': [ '2.0.3' ],
83 silly audit   'is-module': [ '1.0.0' ],
83 silly audit   'is-negative-zero': [ '2.0.3' ],
83 silly audit   'is-number': [ '7.0.0' ],
83 silly audit   'is-number-object': [ '1.1.1' ],
83 silly audit   'is-obj': [ '1.0.1' ],
83 silly audit   'is-path-inside': [ '3.0.3' ],
83 silly audit   'is-plain-obj': [ '3.0.0' ],
83 silly audit   'is-potential-custom-element-name': [ '1.0.1' ],
83 silly audit   'is-regex': [ '1.2.1' ],
83 silly audit   'is-regexp': [ '1.0.0' ],
83 silly audit   'is-root': [ '2.1.0' ],
83 silly audit   'is-set': [ '2.0.3' ],
83 silly audit   'is-shared-array-buffer': [ '1.0.4' ],
83 silly audit   'is-stream': [ '2.0.1' ],
83 silly audit   'is-string': [ '1.1.1' ],
83 silly audit   'is-symbol': [ '1.1.1' ],
83 silly audit   'is-typed-array': [ '1.1.15' ],
83 silly audit   'is-typedarray': [ '1.0.0' ],
83 silly audit   'is-weakmap': [ '2.0.2' ],
83 silly audit   'is-weakref': [ '1.1.1' ],
83 silly audit   'is-weakset': [ '2.0.4' ],
83 silly audit   'is-wsl': [ '2.2.0' ],
83 silly audit   isexe: [ '2.0.0' ],
83 silly audit   'istanbul-lib-coverage': [ '3.2.2' ],
83 silly audit   'istanbul-lib-instrument': [ '5.2.1' ],
83 silly audit   'istanbul-lib-report': [ '3.0.1' ],
83 silly audit   'make-dir': [ '4.0.0', '3.1.0' ],
83 silly audit   'istanbul-lib-source-maps': [ '4.0.1' ],
83 silly audit   'istanbul-reports': [ '3.1.7' ],
83 silly audit   'iterator.prototype': [ '1.1.5' ],
83 silly audit   jackspeak: [ '3.4.3' ],
83 silly audit   jake: [ '10.9.4' ],
83 silly audit   jest: [ '27.5.1' ],
83 silly audit   'jest-changed-files': [ '27.5.1' ],
83 silly audit   'jest-circus': [ '27.5.1' ],
83 silly audit   'jest-cli': [ '27.5.1' ],
83 silly audit   'jest-config': [ '27.5.1' ],
83 silly audit   'jest-diff': [ '27.5.1' ],
83 silly audit   'jest-docblock': [ '27.5.1' ],
83 silly audit   'jest-each': [ '27.5.1' ],
83 silly audit   'jest-environment-jsdom': [ '27.5.1' ],
83 silly audit   'jest-environment-node': [ '27.5.1' ],
83 silly audit   'jest-get-type': [ '27.5.1' ],
83 silly audit   'jest-haste-map': [ '27.5.1' ],
83 silly audit   'jest-jasmine2': [ '27.5.1' ],
83 silly audit   'jest-leak-detector': [ '27.5.1' ],
83 silly audit   'jest-matcher-utils': [ '27.5.1' ],
83 silly audit   'jest-message-util': [ '27.5.1', '28.1.3' ],
83 silly audit   'jest-mock': [ '27.5.1' ],
83 silly audit   'jest-pnp-resolver': [ '1.2.3' ],
83 silly audit   'jest-regex-util': [ '27.5.1', '28.0.2' ],
83 silly audit   'jest-resolve': [ '27.5.1' ],
83 silly audit   'jest-resolve-dependencies': [ '27.5.1' ],
83 silly audit   'jest-runner': [ '27.5.1' ],
83 silly audit   'jest-runtime': [ '27.5.1' ],
83 silly audit   'jest-serializer': [ '27.5.1' ],
83 silly audit   'jest-snapshot': [ '27.5.1' ],
83 silly audit   'jest-util': [ '27.5.1', '28.1.3' ],
83 silly audit   'jest-validate': [ '27.5.1' ],
83 silly audit   'jest-watch-typeahead': [ '1.1.0' ],
83 silly audit   slash: [ '3.0.0', '4.0.0' ],
83 silly audit   'jest-watcher': [ '28.1.3', '27.5.1' ],
83 silly audit   'string-length': [ '4.0.2', '5.0.1' ],
83 silly audit   'pretty-format': [ '28.1.3', '27.5.1' ],
83 silly audit   'react-is': [ '18.3.1', '16.13.1', '17.0.2' ],
83 silly audit   jiti: [ '1.21.7' ],
83 silly audit   'js-tokens': [ '4.0.0' ],
83 silly audit   jsdom: [ '16.7.0' ],
83 silly audit   jsesc: [ '3.1.0', '3.0.2' ],
83 silly audit   'json-buffer': [ '3.0.1' ],
83 silly audit   'json-parse-even-better-errors': [ '2.3.1' ],
83 silly audit   'json-schema': [ '0.4.0' ],
83 silly audit   'json-stable-stringify-without-jsonify': [ '1.0.1' ],
83 silly audit   json5: [ '2.2.3', '1.0.2' ],
83 silly audit   jsonfile: [ '6.2.0' ],
83 silly audit   jsonpath: [ '1.1.1' ],
83 silly audit   jsonpointer: [ '5.0.1' ],
83 silly audit   'jsx-ast-utils': [ '3.3.5' ],
83 silly audit   keyv: [ '4.5.4' ],
83 silly audit   'kind-of': [ '6.0.3' ],
83 silly audit   kleur: [ '3.0.3' ],
83 silly audit   klona: [ '2.0.6' ],
83 silly audit   'language-subtag-registry': [ '0.3.23' ],
83 silly audit   'language-tags': [ '1.0.9' ],
83 silly audit   'launch-editor': [ '2.11.1' ],
83 silly audit   leven: [ '3.1.0' ],
83 silly audit   levn: [ '0.4.1', '0.3.0' ],
83 silly audit   lilconfig: [ '2.1.0', '3.1.3' ],
83 silly audit   'lines-and-columns': [ '1.2.4' ],
83 silly audit   'loader-runner': [ '4.3.0' ],
83 silly audit   'loader-utils': [ '2.0.4', '3.3.1' ],
83 silly audit   lodash: [ '4.17.21' ],
83 silly audit   'lodash.debounce': [ '4.0.8' ],
83 silly audit   'lodash.memoize': [ '4.1.2' ],
83 silly audit   'lodash.merge': [ '4.6.2' ],
83 silly audit   'lodash.sortby': [ '4.7.0' ],
83 silly audit   'lodash.uniq': [ '4.5.0' ],
83 silly audit   'loose-envify': [ '1.4.0' ],
83 silly audit   'lower-case': [ '2.0.2' ],
83 silly audit   'lru-cache': [ '5.1.1', '10.4.3' ],
83 silly audit   'lucide-react': [ '0.555.0' ],
83 silly audit   'lz-string': [ '1.5.0' ],
83 silly audit   'magic-string': [ '0.25.9' ],
83 silly audit   makeerror: [ '1.0.12' ],
83 silly audit   'math-intrinsics': [ '1.1.0' ],
83 silly audit   'media-typer': [ '0.3.0' ],
83 silly audit   memfs: [ '3.5.3' ],
83 silly audit   'merge-descriptors': [ '1.0.3' ],
83 silly audit   'merge-stream': [ '2.0.0' ],
83 silly audit   merge2: [ '1.4.1' ],
83 silly audit   methods: [ '1.1.2' ],
83 silly audit   micromatch: [ '4.0.8' ],
83 silly audit   mime: [ '1.6.0' ],
83 silly audit   'mime-db': [ '1.52.0' ],
83 silly audit   'mime-types': [ '2.1.35' ],
83 silly audit   'mimic-fn': [ '2.1.0' ],
83 silly audit   'min-indent': [ '1.0.1' ],
83 silly audit   'mini-css-extract-plugin': [ '2.9.4' ],
83 silly audit   'minimalistic-assert': [ '1.0.1' ],
83 silly audit   minimist: [ '1.2.8' ],
83 silly audit   minipass: [ '7.1.2' ],
83 silly audit   mkdirp: [ '0.5.6' ],
83 silly audit   'multicast-dns': [ '7.2.5' ],
83 silly audit   mz: [ '2.7.0' ],
83 silly audit   nanoid: [ '3.3.11' ],
83 silly audit   'natural-compare': [ '1.4.0' ],
83 silly audit   'natural-compare-lite': [ '1.4.0' ],
83 silly audit   'neo-async': [ '2.6.2' ],
83 silly audit   'no-case': [ '3.0.4' ],
83 silly audit   'node-forge': [ '1.3.1' ],
83 silly audit   'node-int64': [ '0.4.0' ],
83 silly audit   'normalize-path': [ '3.0.0' ],
83 silly audit   'normalize-range': [ '0.1.2' ],
83 silly audit   'normalize-url': [ '6.1.0' ],
83 silly audit   'npm-run-path': [ '4.0.1' ],
83 silly audit   'nth-check': [ '2.1.1', '1.0.2' ],
83 silly audit   nwsapi: [ '2.2.21' ],
83 silly audit   'object-assign': [ '4.1.1' ],
83 silly audit   'object-hash': [ '3.0.0' ],
83 silly audit   'object-inspect': [ '1.13.4' ],
83 silly audit   'object-keys': [ '1.1.1' ],
83 silly audit   'object.assign': [ '4.1.7' ],
83 silly audit   'object.entries': [ '1.1.9' ],
83 silly audit   'object.fromentries': [ '2.0.8' ],
83 silly audit   'object.getownpropertydescriptors': [ '2.1.8' ],
83 silly audit   'object.groupby': [ '1.0.3' ],
83 silly audit   'object.values': [ '1.2.1' ],
83 silly audit   obuf: [ '1.1.2' ],
83 silly audit   'on-finished': [ '2.4.1' ],
83 silly audit   'on-headers': [ '1.1.0' ],
83 silly audit   once: [ '1.4.0' ],
83 silly audit   onetime: [ '5.1.2' ],
83 silly audit   open: [ '8.4.2' ],
83 silly audit   optionator: [ '0.9.4', '0.8.3' ],
83 silly audit   'own-keys': [ '1.0.1' ],
83 silly audit   'p-retry': [ '4.6.2' ],
83 silly audit   'p-try': [ '2.2.0' ],
83 silly audit   'package-json-from-dist': [ '1.0.1' ],
83 silly audit   'param-case': [ '3.0.4' ],
83 silly audit   'parent-module': [ '1.0.1' ],
83 silly audit   'parse-json': [ '5.2.0' ],
83 silly audit   parse5: [ '6.0.1' ],
83 silly audit   parseurl: [ '1.3.3' ],
83 silly audit   'pascal-case': [ '3.1.2' ],
83 silly audit   'path-exists': [ '4.0.0', '3.0.0' ],
83 silly audit   'path-is-absolute': [ '1.0.1' ],
83 silly audit   'path-key': [ '3.1.1' ],
83 silly audit   'path-parse': [ '1.0.7' ],
83 silly audit   'path-scurry': [ '1.11.1' ],
83 silly audit   'path-to-regexp': [ '0.1.12' ],
83 silly audit   'path-type': [ '4.0.0' ],
83 silly audit   'performance-now': [ '2.1.0' ],
83 silly audit   picocolors: [ '1.1.1', '0.2.1' ],
83 silly audit   picomatch: [ '2.3.1' ],
83 silly audit   pify: [ '2.3.0' ],
83 silly audit   pirates: [ '4.0.7' ],
83 silly audit   'pkg-dir': [ '4.2.0' ],
83 silly audit   'pkg-up': [ '3.1.0' ],
83 silly audit   'possible-typed-array-names': [ '1.1.0' ],
83 silly audit   postcss: [ '7.0.39', '8.5.6' ],
83 silly audit   'postcss-attribute-case-insensitive': [ '5.0.2' ],
83 silly audit   'postcss-browser-comments': [ '4.0.0' ],
83 silly audit   'postcss-calc': [ '8.2.4' ],
83 silly audit   'postcss-clamp': [ '4.1.0' ],
83 silly audit   'postcss-color-functional-notation': [ '4.2.4' ],
83 silly audit   'postcss-color-hex-alpha': [ '8.0.4' ],
83 silly audit   'postcss-color-rebeccapurple': [ '7.1.1' ],
83 silly audit   'postcss-colormin': [ '5.3.1' ],
83 silly audit   'postcss-convert-values': [ '5.1.3' ],
83 silly audit   'postcss-custom-media': [ '8.0.2' ],
83 silly audit   'postcss-custom-properties': [ '12.1.11' ],
83 silly audit   'postcss-custom-selectors': [ '6.0.3' ],
83 silly audit   'postcss-dir-pseudo-class': [ '6.0.5' ],
83 silly audit   'postcss-discard-comments': [ '5.1.2' ],
83 silly audit   'postcss-discard-duplicates': [ '5.1.0' ],
83 silly audit   'postcss-discard-empty': [ '5.1.1' ],
83 silly audit   'postcss-discard-overridden': [ '5.1.0' ],
83 silly audit   'postcss-double-position-gradients': [ '3.1.2' ],
83 silly audit   'postcss-env-function': [ '4.0.6' ],
83 silly audit   'postcss-flexbugs-fixes': [ '5.0.2' ],
83 silly audit   'postcss-focus-visible': [ '6.0.4' ],
83 silly audit   'postcss-focus-within': [ '5.0.4' ],
83 silly audit   'postcss-font-variant': [ '5.0.0' ],
83 silly audit   'postcss-gap-properties': [ '3.0.5' ],
83 silly audit   'postcss-image-set-function': [ '4.0.7' ],
83 silly audit   'postcss-import': [ '15.1.0' ],
83 silly audit   'postcss-initial': [ '4.0.1' ],
83 silly audit   'postcss-js': [ '4.0.1' ],
83 silly audit   'postcss-lab-function': [ '4.2.1' ],
83 silly audit   'postcss-load-config': [ '4.0.2' ],
83 silly audit   yaml: [ '2.8.1', '1.10.2' ],
83 silly audit   'postcss-loader': [ '6.2.1' ],
83 silly audit   'postcss-logical': [ '5.0.4' ],
83 silly audit   'postcss-media-minmax': [ '5.0.0' ],
83 silly audit   'postcss-merge-longhand': [ '5.1.7' ],
83 silly audit   'postcss-merge-rules': [ '5.1.4' ],
83 silly audit   'postcss-minify-font-values': [ '5.1.0' ],
83 silly audit   'postcss-minify-gradients': [ '5.1.1' ],
83 silly audit   'postcss-minify-params': [ '5.1.4' ],
83 silly audit   'postcss-minify-selectors': [ '5.2.1' ],
83 silly audit   'postcss-modules-extract-imports': [ '3.1.0' ],
83 silly audit   'postcss-modules-local-by-default': [ '4.2.0' ],
83 silly audit   'postcss-selector-parser': [ '7.1.0', '6.1.2' ],
83 silly audit   'postcss-modules-scope': [ '3.2.1' ],
83 silly audit   'postcss-modules-values': [ '4.0.0' ],
83 silly audit   'postcss-nested': [ '6.2.0' ],
83 silly audit   'postcss-nesting': [ '10.2.0' ],
83 silly audit   'postcss-normalize': [ '10.0.1' ],
83 silly audit   'postcss-normalize-charset': [ '5.1.0' ],
83 silly audit   'postcss-normalize-display-values': [ '5.1.0' ],
83 silly audit   'postcss-normalize-positions': [ '5.1.1' ],
83 silly audit   'postcss-normalize-repeat-style': [ '5.1.1' ],
83 silly audit   'postcss-normalize-string': [ '5.1.0' ],
83 silly audit   'postcss-normalize-timing-functions': [ '5.1.0' ],
83 silly audit   'postcss-normalize-unicode': [ '5.1.1' ],
83 silly audit   'postcss-normalize-url': [ '5.1.0' ],
83 silly audit   'postcss-normalize-whitespace': [ '5.1.1' ],
83 silly audit   'postcss-opacity-percentage': [ '1.1.3' ],
83 silly audit   'postcss-ordered-values': [ '5.1.3' ],
83 silly audit   'postcss-overflow-shorthand': [ '3.0.4' ],
83 silly audit   'postcss-page-break': [ '3.0.4' ],
83 silly audit   'postcss-place': [ '7.0.5' ],
83 silly audit   'postcss-preset-env': [ '7.8.3' ],
83 silly audit   'postcss-pseudo-class-any-link': [ '7.1.6' ],
83 silly audit   'postcss-reduce-initial': [ '5.1.2' ],
83 silly audit   'postcss-reduce-transforms': [ '5.1.0' ],
83 silly audit   'postcss-replace-overflow-wrap': [ '4.0.0' ],
83 silly audit   'postcss-selector-not': [ '6.0.1' ],
83 silly audit   'postcss-svgo': [ '5.1.0' ],
83 silly audit   svgo: [ '2.8.0', '1.3.2' ],
83 silly audit   'postcss-unique-selectors': [ '5.1.1' ],
83 silly audit   'postcss-value-parser': [ '4.2.0' ],
83 silly audit   'prelude-ls': [ '1.2.1', '1.1.2' ],
83 silly audit   'pretty-bytes': [ '5.6.0' ],
83 silly audit   'pretty-error': [ '4.0.0' ],
83 silly audit   'process-nextick-args': [ '2.0.1' ],
83 silly audit   promise: [ '8.3.0' ],
83 silly audit   prompts: [ '2.4.2' ],
83 silly audit   'prop-types': [ '15.8.1' ],
83 silly audit   'proxy-addr': [ '2.0.7' ],
83 silly audit   psl: [ '1.15.0' ],
83 silly audit   punycode: [ '2.3.1' ],
83 silly audit   q: [ '1.5.1' ],
83 silly audit   qs: [ '6.13.0' ],
83 silly audit   querystringify: [ '2.2.0' ],
83 silly audit   'queue-microtask': [ '1.2.3' ],
83 silly audit   raf: [ '3.4.1' ],
83 silly audit   randombytes: [ '2.1.0' ],
83 silly audit   'range-parser': [ '1.2.1' ],
83 silly audit   'raw-body': [ '2.5.2' ],
83 silly audit   react: [ '19.1.1' ],
83 silly audit   'react-app-polyfill': [ '3.0.0' ],
83 silly audit   'react-dev-utils': [ '12.0.1' ],
83 silly audit   'react-dom': [ '19.1.1' ],
83 silly audit   'react-error-overlay': [ '6.1.0' ],
83 silly audit   'react-refresh': [ '0.11.0' ],
83 silly audit   'react-router': [ '7.8.1' ],
83 silly audit   'react-router-dom': [ '7.8.1' ],
83 silly audit   'react-scripts': [ '5.0.1' ],
83 silly audit   tailwindcss: [ '3.4.18' ],
83 silly audit   'read-cache': [ '1.0.0' ],
83 silly audit   readdirp: [ '3.6.0' ],
83 silly audit   'recursive-readdir': [ '2.2.3' ],
83 silly audit   redent: [ '3.0.0' ],
83 silly audit   'reflect.getprototypeof': [ '1.0.10' ],
83 silly audit   regenerate: [ '1.4.2' ],
83 silly audit   'regenerate-unicode-properties': [ '10.2.0' ],
83 silly audit   'regenerator-runtime': [ '0.13.11' ],
83 silly audit   'regex-parser': [ '2.3.1' ],
83 silly audit   'regexp.prototype.flags': [ '1.5.4' ],
83 silly audit   'regexpu-core': [ '6.2.0' ],
83 silly audit   regjsgen: [ '0.8.0' ],
83 silly audit   regjsparser: [ '0.12.0' ],
83 silly audit   relateurl: [ '0.2.7' ],
83 silly audit   renderkid: [ '3.0.0' ],
83 silly audit   'require-directory': [ '2.1.1' ],
83 silly audit   'require-from-string': [ '2.0.2' ],
83 silly audit   'requires-port': [ '1.0.0' ],
83 silly audit   'resolve-cwd': [ '3.0.0' ],
83 silly audit   'resolve-url-loader': [ '4.0.0' ],
83 silly audit   'resolve.exports': [ '1.1.1' ],
83 silly audit   retry: [ '0.13.1' ],
83 silly audit   reusify: [ '1.1.0' ],
83 silly audit   rimraf: [ '3.0.2' ],
83 silly audit   rollup: [ '2.79.2' ],
83 silly audit   'rollup-plugin-terser': [ '7.0.2' ],
83 silly audit   'serialize-javascript': [ '4.0.0', '6.0.2' ],
83 silly audit   'run-parallel': [ '1.2.0' ],
83 silly audit   'safe-array-concat': [ '1.1.3' ],
83 silly audit   'safe-push-apply': [ '1.0.0' ],
83 silly audit   'safe-regex-test': [ '1.1.0' ],
83 silly audit   'safer-buffer': [ '2.1.2' ],
83 silly audit   'sanitize.css': [ '13.0.0' ],
83 silly audit   'sass-loader': [ '12.6.0' ],
83 silly audit   sax: [ '1.2.4' ],
83 silly audit   saxes: [ '5.0.1' ],
83 silly audit   scheduler: [ '0.26.0' ],
83 silly audit   'select-hose': [ '2.0.0' ],
83 silly audit   selfsigned: [ '2.4.1' ],
83 silly audit   send: [ '0.19.0' ],
83 silly audit   'serve-index': [ '1.9.1' ],
83 silly audit   setprototypeof: [ '1.1.0', '1.2.0' ],
83 silly audit   statuses: [ '1.5.0', '2.0.1' ],
83 silly audit   'serve-static': [ '1.16.2' ],
83 silly audit   'set-cookie-parser': [ '2.7.1' ],
83 silly audit   'set-function-length': [ '1.2.2' ],
83 silly audit   'set-function-name': [ '2.0.2' ],
83 silly audit   'set-proto': [ '1.0.0' ],
83 silly audit   'shebang-command': [ '2.0.0' ],
83 silly audit   'shebang-regex': [ '3.0.0' ],
83 silly audit   'shell-quote': [ '1.8.3' ],
83 silly audit   'side-channel': [ '1.1.0' ],
83 silly audit   'side-channel-list': [ '1.0.0' ],
83 silly audit   'side-channel-map': [ '1.0.1' ],
83 silly audit   'side-channel-weakmap': [ '1.0.2' ],
83 silly audit   sisteransi: [ '1.0.5' ],
83 silly audit   sockjs: [ '0.3.24' ],
83 silly audit   'source-list-map': [ '2.0.1' ],
83 silly audit   'source-map-js': [ '1.2.1' ],
83 silly audit   'source-map-loader': [ '3.0.2' ],
83 silly audit   'source-map-support': [ '0.5.21' ],
83 silly audit   'sourcemap-codec': [ '1.4.8' ],
83 silly audit   spdy: [ '4.0.2' ],
83 silly audit   'spdy-transport': [ '3.0.0' ],
83 silly audit   'sprintf-js': [ '1.0.3' ],
83 silly audit   stable: [ '0.1.8' ],
83 silly audit   'stack-utils': [ '2.0.6' ],
83 silly audit   stackframe: [ '1.3.4' ],
83 silly audit   'static-eval': [ '2.0.2' ],
83 silly audit   'type-check': [ '0.3.2', '0.4.0' ],
83 silly audit   'stop-iteration-iterator': [ '1.1.0' ],
83 silly audit   'string-natural-compare': [ '3.0.1' ],
83 silly audit   'string.prototype.includes': [ '2.0.1' ],
83 silly audit   'string.prototype.matchall': [ '4.0.12' ],
83 silly audit   'string.prototype.repeat': [ '1.0.0' ],
83 silly audit   'string.prototype.trim': [ '1.2.10' ],
83 silly audit   'string.prototype.trimend': [ '1.0.9' ],
83 silly audit   'string.prototype.trimstart': [ '1.0.8' ],
83 silly audit   'stringify-object': [ '3.3.0' ],
83 silly audit   'strip-bom': [ '4.0.0', '3.0.0' ],
83 silly audit   'strip-comments': [ '2.0.1' ],
83 silly audit   'strip-final-newline': [ '2.0.0' ],
83 silly audit   'strip-indent': [ '3.0.0' ],
83 silly audit   'strip-json-comments': [ '3.1.1' ],
83 silly audit   'style-loader': [ '3.3.4' ],
83 silly audit   stylehacks: [ '5.1.1' ],
83 silly audit   sucrase: [ '3.35.0' ],
83 silly audit   'supports-hyperlinks': [ '2.3.0' ],
83 silly audit   'supports-preserve-symlinks-flag': [ '1.0.0' ],
83 silly audit   'svg-parser': [ '2.0.4' ],
83 silly audit   'symbol-tree': [ '3.2.4' ],
83 silly audit   'temp-dir': [ '2.0.0' ],
83 silly audit   tempy: [ '0.6.0' ],
83 silly audit   'terminal-link': [ '2.1.1' ],
83 silly audit   terser: [ '5.43.1' ],
83 silly audit   'terser-webpack-plugin': [ '5.3.14' ],
83 silly audit   'test-exclude': [ '6.0.0' ],
83 silly audit   'text-table': [ '0.2.0' ],
83 silly audit   thenify: [ '3.3.1' ],
83 silly audit   'thenify-all': [ '1.6.0' ],
83 silly audit   throat: [ '6.0.2' ],
83 silly audit   thunky: [ '1.1.0' ],
83 silly audit   tmpl: [ '1.0.5' ],
83 silly audit   'to-regex-range': [ '5.0.1' ],
83 silly audit   toidentifier: [ '1.0.1' ],
83 silly audit   'tough-cookie': [ '4.1.4' ],
83 silly audit   universalify: [ '0.2.0', '2.0.1' ],
83 silly audit   tr46: [ '2.1.0', '1.0.1' ],
83 silly audit   tryer: [ '1.0.1' ],
83 silly audit   'ts-interface-checker': [ '0.1.13' ],
83 silly audit   'tsconfig-paths': [ '3.15.0' ],
83 silly audit   tslib: [ '2.8.1', '1.14.1' ],
83 silly audit   tsutils: [ '3.21.0' ],
83 silly audit   'type-detect': [ '4.0.8' ],
83 silly audit   'type-is': [ '1.6.18' ],
83 silly audit   'typed-array-buffer': [ '1.0.3' ],
83 silly audit   'typed-array-byte-length': [ '1.0.3' ],
83 silly audit   'typed-array-byte-offset': [ '1.0.4' ],
83 silly audit   'typed-array-length': [ '1.0.7' ],
83 silly audit   'typedarray-to-buffer': [ '3.1.5' ],
83 silly audit   typescript: [ '4.9.5' ],
83 silly audit   'unbox-primitive': [ '1.1.0' ],
83 silly audit   underscore: [ '1.12.1' ],
83 silly audit   'undici-types': [ '7.10.0' ],
83 silly audit   'unicode-canonical-property-names-ecmascript': [ '2.0.1' ],
83 silly audit   'unicode-match-property-ecmascript': [ '2.0.0' ],
83 silly audit   'unicode-match-property-value-ecmascript': [ '2.2.0' ],
83 silly audit   'unicode-property-aliases-ecmascript': [ '2.1.0' ],
83 silly audit   'unique-string': [ '2.0.0' ],
83 silly audit   unpipe: [ '1.0.0' ],
83 silly audit   unquote: [ '1.1.1' ],
83 silly audit   upath: [ '1.2.0' ],
83 silly audit   'uri-js': [ '4.4.1' ],
83 silly audit   'url-parse': [ '1.5.10' ],
83 silly audit   'util-deprecate': [ '1.0.2' ],
83 silly audit   'util.promisify': [ '1.0.1' ],
83 silly audit   utila: [ '0.4.0' ],
83 silly audit   'utils-merge': [ '1.0.1' ],
83 silly audit   uuid: [ '8.3.2' ],
83 silly audit   'v8-to-istanbul': [ '8.1.1' ],
83 silly audit   vary: [ '1.1.2' ],
83 silly audit   'w3c-hr-time': [ '1.0.2' ],
83 silly audit   'w3c-xmlserializer': [ '2.0.0' ],
83 silly audit   walker: [ '1.0.8' ],
83 silly audit   watchpack: [ '2.4.4' ],
83 silly audit   wbuf: [ '1.7.3' ],
83 silly audit   'web-vitals': [ '2.1.4' ],
83 silly audit   webpack: [ '5.101.1' ],
83 silly audit   'webpack-dev-middleware': [ '5.3.4' ],
83 silly audit   'webpack-dev-server': [ '4.15.2' ],
83 silly audit   ws: [ '8.18.3', '7.5.10' ],
83 silly audit   'webpack-manifest-plugin': [ '4.1.1' ],
83 silly audit   'webpack-sources': [ '2.3.1', '3.3.3', '1.4.3' ],
83 silly audit   'websocket-driver': [ '0.7.4' ],
83 silly audit   'websocket-extensions': [ '0.1.4' ],
83 silly audit   'whatwg-encoding': [ '1.0.5' ],
83 silly audit   'whatwg-fetch': [ '3.6.20' ],
83 silly audit   'whatwg-mimetype': [ '2.3.0' ],
83 silly audit   'whatwg-url': [ '8.7.0', '7.1.0' ],
83 silly audit   'which-boxed-primitive': [ '1.1.1' ],
83 silly audit   'which-builtin-type': [ '1.2.1' ],
83 silly audit   'which-collection': [ '1.0.2' ],
83 silly audit   'which-typed-array': [ '1.1.19' ],
83 silly audit   'word-wrap': [ '1.2.5' ],
83 silly audit   'workbox-background-sync': [ '6.6.0' ],
83 silly audit   'workbox-broadcast-update': [ '6.6.0' ],
83 silly audit   'workbox-build': [ '6.6.0' ],
83 silly audit   '@apideck/better-ajv-errors': [ '0.3.6' ],
83 silly audit   'workbox-cacheable-response': [ '6.6.0' ],
83 silly audit   'workbox-core': [ '6.6.0' ],
83 silly audit   'workbox-expiration': [ '6.6.0' ],
83 silly audit   'workbox-google-analytics': [ '6.6.0' ],
83 silly audit   'workbox-navigation-preload': [ '6.6.0' ],
83 silly audit   'workbox-precaching': [ '6.6.0' ],
83 silly audit   'workbox-range-requests': [ '6.6.0' ],
83 silly audit   'workbox-recipes': [ '6.6.0' ],
83 silly audit   'workbox-routing': [ '6.6.0' ],
83 silly audit   'workbox-strategies': [ '6.6.0' ],
83 silly audit   'workbox-streams': [ '6.6.0' ],
83 silly audit   'workbox-sw': [ '6.6.0' ],
83 silly audit   'workbox-webpack-plugin': [ '6.6.0' ],
83 silly audit   'workbox-window': [ '6.6.0' ],
83 silly audit   wrappy: [ '1.0.2' ],
83 silly audit   'write-file-atomic': [ '3.0.3' ],
83 silly audit   'xml-name-validator': [ '3.0.0' ],
83 silly audit   xmlchars: [ '2.2.0' ],
83 silly audit   y18n: [ '5.0.8' ],
83 silly audit   yallist: [ '3.1.1' ],
83 silly audit   yargs: [ '16.2.0' ],
83 silly audit   'yargs-parser': [ '20.2.9' ],
83 silly audit   'yocto-queue': [ '0.1.0' ],
83 silly audit   autoprefixer: [ '10.4.22' ],
83 silly audit   browserslist: [ '4.28.0' ],
83 silly audit   'caniuse-lite': [ '1.0.30001759' ],
83 silly audit   'fraction.js': [ '5.3.4' ],
83 silly audit   'baseline-browser-mapping': [ '2.8.32' ],
83 silly audit   'electron-to-chromium': [ '1.5.263' ],
83 silly audit   'node-releases': [ '2.0.27' ],
83 silly audit   'update-browserslist-db': [ '1.1.4' ]
83 silly audit }
84 http cache baseline-browser-mapping@https://registry.npmjs.org/baseline-browser-mapping/-/baseline-browser-mapping-2.8.32.tgz 0ms (cache hit)
85 http cache update-browserslist-db@https://registry.npmjs.org/update-browserslist-db/-/update-browserslist-db-1.1.4.tgz 0ms (cache hit)
86 http cache node-releases@https://registry.npmjs.org/node-releases/-/node-releases-2.0.27.tgz 0ms (cache hit)
87 http cache tailwindcss@https://registry.npmjs.org/tailwindcss/-/tailwindcss-3.4.18.tgz 0ms (cache hit)
88 http cache fraction.js@https://registry.npmjs.org/fraction.js/-/fraction.js-5.3.4.tgz 0ms (cache hit)
89 http cache lilconfig@https://registry.npmjs.org/lilconfig/-/lilconfig-3.1.3.tgz 0ms (cache hit)
90 http cache electron-to-chromium@https://registry.npmjs.org/electron-to-chromium/-/electron-to-chromium-1.5.263.tgz 0ms (cache hit)
91 http cache browserslist@https://registry.npmjs.org/browserslist/-/browserslist-4.28.0.tgz 0ms (cache hit)
92 http cache autoprefixer@https://registry.npmjs.org/autoprefixer/-/autoprefixer-10.4.22.tgz 1ms (cache hit)
93 http cache caniuse-lite@https://registry.npmjs.org/caniuse-lite/-/caniuse-lite-1.0.30001759.tgz 0ms (cache hit)
94 silly tarball no local data for baseline-browser-mapping@https://registry.npmjs.org/baseline-browser-mapping/-/baseline-browser-mapping-2.8.32.tgz. Extracting by manifest.
95 silly tarball no local data for update-browserslist-db@https://registry.npmjs.org/update-browserslist-db/-/update-browserslist-db-1.1.4.tgz. Extracting by manifest.
96 silly tarball no local data for node-releases@https://registry.npmjs.org/node-releases/-/node-releases-2.0.27.tgz. Extracting by manifest.
97 silly tarball no local data for tailwindcss@https://registry.npmjs.org/tailwindcss/-/tailwindcss-3.4.18.tgz. Extracting by manifest.
98 silly tarball no local data for fraction.js@https://registry.npmjs.org/fraction.js/-/fraction.js-5.3.4.tgz. Extracting by manifest.
99 silly tarball no local data for electron-to-chromium@https://registry.npmjs.org/electron-to-chromium/-/electron-to-chromium-1.5.263.tgz. Extracting by manifest.
100 silly tarball no local data for browserslist@https://registry.npmjs.org/browserslist/-/browserslist-4.28.0.tgz. Extracting by manifest.
101 silly tarball no local data for autoprefixer@https://registry.npmjs.org/autoprefixer/-/autoprefixer-10.4.22.tgz. Extracting by manifest.
102 silly tarball no local data for caniuse-lite@https://registry.npmjs.org/caniuse-lite/-/caniuse-lite-1.0.30001759.tgz. Extracting by manifest.
103 http fetch GET 200 https://registry.npmjs.org/node-releases/-/node-releases-2.0.27.tgz 74ms (cache miss)
104 http fetch GET 200 https://registry.npmjs.org/update-browserslist-db/-/update-browserslist-db-1.1.4.tgz 196ms (cache miss)
105 http fetch GET 200 https://registry.npmjs.org/baseline-browser-mapping/-/baseline-browser-mapping-2.8.32.tgz 222ms (cache miss)
106 http fetch POST 200 https://registry.npmjs.org/-/npm/v1/security/advisories/bulk 253ms
107 silly audit report {
107 silly audit report   'js-yaml': [
107 silly audit report     {
107 silly audit report       id: 1109801,
107 silly audit report       url: 'https://github.com/advisories/GHSA-mh29-5h37-fv8m',
107 silly audit report       title: 'js-yaml has prototype pollution in merge (<<)',
107 silly audit report       severity: 'moderate',
107 silly audit report       vulnerable_versions: '<3.14.2',
107 silly audit report       cwe: [Array],
107 silly audit report       cvss: [Object]
107 silly audit report     },
107 silly audit report     {
107 silly audit report       id: 1109802,
107 silly audit report       url: 'https://github.com/advisories/GHSA-mh29-5h37-fv8m',
107 silly audit report       title: 'js-yaml has prototype pollution in merge (<<)',
107 silly audit report       severity: 'moderate',
107 silly audit report       vulnerable_versions: '>=4.0.0 <4.1.1',
107 silly audit report       cwe: [Array],
107 silly audit report       cvss: [Object]
107 silly audit report     }
107 silly audit report   ],
107 silly audit report   glob: [
107 silly audit report     {
107 silly audit report       id: 1109842,
107 silly audit report       url: 'https://github.com/advisories/GHSA-5j98-mcp5-4vw2',
107 silly audit report       title: 'glob CLI: Command injection via -c/--cmd executes matches with shell:true',
107 silly audit report       severity: 'high',
107 silly audit report       vulnerable_versions: '>=10.2.0 <10.5.0',
107 silly audit report       cwe: [Array],
107 silly audit report       cvss: [Object]
107 silly audit report     }
107 silly audit report   ],
107 silly audit report   'node-forge': [
107 silly audit report     {
107 silly audit report       id: 1110996,
107 silly audit report       url: 'https://github.com/advisories/GHSA-554w-wpv2-vw27',
107 silly audit report       title: 'node-forge has ASN.1 Unbounded Recursion',
107 silly audit report       severity: 'high',
107 silly audit report       vulnerable_versions: '<1.3.2',
107 silly audit report       cwe: [Array],
107 silly audit report       cvss: [Object]
107 silly audit report     },
107 silly audit report     {
107 silly audit report       id: 1110998,
107 silly audit report       url: 'https://github.com/advisories/GHSA-5gfm-wpxj-wjgq',
107 silly audit report       title: 'node-forge has an Interpretation Conflict vulnerability via its ASN.1 Validator Desynchronization',
107 silly audit report       severity: 'high',
107 silly audit report       vulnerable_versions: '<1.3.2',
107 silly audit report       cwe: [Array],
107 silly audit report       cvss: [Object]
107 silly audit report     },
107 silly audit report     {
107 silly audit report       id: 1111068,
107 silly audit report       url: 'https://github.com/advisories/GHSA-65ch-62r8-g69g',
107 silly audit report       title: 'node-forge is vulnerable to ASN.1 OID Integer Truncation',
107 silly audit report       severity: 'moderate',
107 silly audit report       vulnerable_versions: '<1.3.2',
107 silly audit report       cwe: [Array],
107 silly audit report       cvss: [Object]
107 silly audit report     }
107 silly audit report   ],
107 silly audit report   'nth-check': [
107 silly audit report     {
107 silly audit report       id: 1095141,
107 silly audit report       url: 'https://github.com/advisories/GHSA-rp65-9cf3-cjxr',
107 silly audit report       title: 'Inefficient Regular Expression Complexity in nth-check',
107 silly audit report       severity: 'high',
107 silly audit report       vulnerable_versions: '<2.0.1',
107 silly audit report       cwe: [Array],
107 silly audit report       cvss: [Object]
107 silly audit report     }
107 silly audit report   ],
107 silly audit report   postcss: [
107 silly audit report     {
107 silly audit report       id: 1109574,
107 silly audit report       url: 'https://github.com/advisories/GHSA-7fh5-64p2-3v2j',
107 silly audit report       title: 'PostCSS line return parsing error',
107 silly audit report       severity: 'moderate',
107 silly audit report       vulnerable_versions: '<8.4.31',
107 silly audit report       cwe: [Array],
107 silly audit report       cvss: [Object]
107 silly audit report     }
107 silly audit report   ],
107 silly audit report   'webpack-dev-server': [
107 silly audit report     {
107 silly audit report       id: 1108429,
107 silly audit report       url: 'https://github.com/advisories/GHSA-9jgg-88mc-972h',
107 silly audit report       title: "webpack-dev-server users' source code may be stolen when they access a malicious web site with non-Chromium based browser",
107 silly audit report       severity: 'moderate',
107 silly audit report       vulnerable_versions: '<=5.2.0',
107 silly audit report       cwe: [Array],
107 silly audit report       cvss: [Object]
107 silly audit report     },
107 silly audit report     {
107 silly audit report       id: 1108430,
107 silly audit report       url: 'https://github.com/advisories/GHSA-4v9v-hfq4-rm2v',
107 silly audit report       title: "webpack-dev-server users' source code may be stolen when they access a malicious web site",
107 silly audit report       severity: 'moderate',
107 silly audit report       vulnerable_versions: '<=5.2.0',
107 silly audit report       cwe: [Array],
107 silly audit report       cvss: [Object]
107 silly audit report     }
107 silly audit report   ]
107 silly audit report }
108 silly packumentCache corgi:https://registry.npmjs.org/js-yaml cache-miss
109 silly packumentCache corgi:https://registry.npmjs.org/glob cache-miss
110 silly packumentCache corgi:https://registry.npmjs.org/node-forge cache-miss
111 silly packumentCache corgi:https://registry.npmjs.org/nth-check cache-miss
112 silly packumentCache corgi:https://registry.npmjs.org/postcss cache-miss
113 silly packumentCache corgi:https://registry.npmjs.org/webpack-dev-server cache-miss
114 http fetch GET 200 https://registry.npmjs.org/browserslist/-/browserslist-4.28.0.tgz 305ms (cache miss)
115 http cache https://registry.npmjs.org/js-yaml 63ms (cache hit)
116 silly packumentCache corgi:https://registry.npmjs.org/js-yaml set size:58533 disposed:false
117 http cache https://registry.npmjs.org/node-forge 65ms (cache hit)
118 silly packumentCache corgi:https://registry.npmjs.org/node-forge set size:105368 disposed:false
119 http cache https://registry.npmjs.org/glob 71ms (cache hit)
120 silly packumentCache corgi:https://registry.npmjs.org/glob set size:159574 disposed:false
121 http cache https://registry.npmjs.org/nth-check 73ms (cache hit)
122 silly packumentCache corgi:https://registry.npmjs.org/nth-check set size:10078 disposed:false
123 http cache https://registry.npmjs.org/postcss 74ms (cache hit)
124 silly packumentCache corgi:https://registry.npmjs.org/postcss set size:337129 disposed:false
125 http cache https://registry.npmjs.org/webpack-dev-server 78ms (cache hit)
126 silly packumentCache corgi:https://registry.npmjs.org/webpack-dev-server set size:455204 disposed:false
127 silly packumentCache corgi:https://registry.npmjs.org/@istanbuljs%2fload-nyc-config cache-miss
128 silly packumentCache corgi:https://registry.npmjs.org/svgo cache-miss
129 http cache https://registry.npmjs.org/@istanbuljs%2fload-nyc-config 36ms (cache hit)
130 silly packumentCache corgi:https://registry.npmjs.org/@istanbuljs%2fload-nyc-config set size:8602 disposed:false
131 http cache https://registry.npmjs.org/svgo 39ms (cache hit)
132 silly packumentCache corgi:https://registry.npmjs.org/svgo set size:133164 disposed:false
133 silly packumentCache corgi:https://registry.npmjs.org/@eslint%2feslintrc cache-miss
134 silly packumentCache corgi:https://registry.npmjs.org/eslint cache-miss
135 http fetch GET 200 https://registry.npmjs.org/electron-to-chromium/-/electron-to-chromium-1.5.263.tgz 424ms (cache miss)
136 http cache https://registry.npmjs.org/@eslint%2feslintrc 41ms (cache hit)
137 silly packumentCache corgi:https://registry.npmjs.org/@eslint%2feslintrc set size:80753 disposed:false
138 http cache https://registry.npmjs.org/eslint 48ms (cache hit)
139 silly packumentCache corgi:https://registry.npmjs.org/eslint set size:1108196 disposed:false
140 silly packumentCache corgi:https://registry.npmjs.org/sucrase cache-miss
141 http cache https://registry.npmjs.org/sucrase 29ms (cache hit)
142 silly packumentCache corgi:https://registry.npmjs.org/sucrase set size:163085 disposed:false
143 silly packumentCache corgi:https://registry.npmjs.org/selfsigned cache-miss
144 http cache https://registry.npmjs.org/selfsigned 22ms (cache hit)
145 silly packumentCache corgi:https://registry.npmjs.org/selfsigned set size:35696 disposed:false
146 silly packumentCache corgi:https://registry.npmjs.org/css-select cache-miss
147 http cache https://registry.npmjs.org/css-select 29ms (cache hit)
148 silly packumentCache corgi:https://registry.npmjs.org/css-select set size:48469 disposed:false
149 silly packumentCache corgi:https://registry.npmjs.org/resolve-url-loader cache-miss
150 http cache https://registry.npmjs.org/resolve-url-loader 29ms (cache hit)
151 silly packumentCache corgi:https://registry.npmjs.org/resolve-url-loader set size:61938 disposed:false
152 silly packumentCache corgi:https://registry.npmjs.org/@pmmmwh%2freact-refresh-webpack-plugin cache-miss
153 silly packumentCache corgi:https://registry.npmjs.org/react-scripts cache-miss
154 http cache https://registry.npmjs.org/@pmmmwh%2freact-refresh-webpack-plugin 36ms (cache hit)
155 silly packumentCache corgi:https://registry.npmjs.org/@pmmmwh%2freact-refresh-webpack-plugin set size:206166 disposed:false
156 http cache https://registry.npmjs.org/react-scripts 47ms (cache hit)
157 silly packumentCache corgi:https://registry.npmjs.org/react-scripts set size:342451 disposed:false
158 http fetch GET 200 https://registry.npmjs.org/fraction.js/-/fraction.js-5.3.4.tgz 661ms (cache miss)
159 silly packumentCache corgi:https://registry.npmjs.org/@svgr%2fplugin-svgo cache-miss
160 http cache https://registry.npmjs.org/@svgr%2fplugin-svgo 34ms (cache hit)
161 silly packumentCache corgi:https://registry.npmjs.org/@svgr%2fplugin-svgo set size:36570 disposed:false
162 silly packumentCache corgi:https://registry.npmjs.org/@svgr%2fwebpack cache-miss
163 http cache https://registry.npmjs.org/@svgr%2fwebpack 25ms (cache hit)
164 silly packumentCache corgi:https://registry.npmjs.org/@svgr%2fwebpack set size:85201 disposed:false
165 http fetch GET 200 https://registry.npmjs.org/autoprefixer/-/autoprefixer-10.4.22.tgz 1282ms (cache miss)
166 http fetch GET 200 https://registry.npmjs.org/tailwindcss/-/tailwindcss-3.4.18.tgz 3140ms (cache miss)
167 http fetch GET 200 https://registry.npmjs.org/caniuse-lite/-/caniuse-lite-1.0.30001759.tgz 6888ms (cache miss)
168 silly ADD node_modules/baseline-browser-mapping
169 silly ADD node_modules/tailwindcss
170 silly ADD node_modules/tailwindcss/node_modules/lilconfig
171 silly CHANGE node_modules/update-browserslist-db
172 silly REMOVE node_modules/react-scripts/node_modules/tailwindcss
173 silly REMOVE node_modules/react-scripts/node_modules/lilconfig
174 silly CHANGE node_modules/node-releases
175 silly CHANGE node_modules/fraction.js
176 silly CHANGE node_modules/electron-to-chromium
177 silly CHANGE node_modules/caniuse-lite
178 silly CHANGE node_modules/browserslist
179 silly CHANGE node_modules/autoprefixer
180 verbose cwd C:\n8nJobs
181 verbose os Windows_NT 10.0.19045
182 verbose node v25.1.0
183 verbose npm  v11.6.2
184 verbose exit 0
185 info ok
